C:	7	0	28	1	443	3101
C:	7	0	28	1	443	3601
C:	7	0	28	1	443	4101
C:	7	0	28	1	444	4601
C:	7	0	28	1	444	5101
C:	7	0	28	1	442	5601
C:	7	0	28	1	442	6101
C:	7	0	28	1	445	6601
C:	7	0	28	1	442	7101
C:	7	0	28	1	443	7601
C:	7	0	28	1	445	8101
C:	7	0	28	1	444	8601
C:	7	0	28	1	444	9101
C:	7	0	28	1	447	9601
C:	7	0	28	1	446	10101
C:	7	0	28	1	446	10601
C:	7	0	28	1	446	11102
C:	7	0	28	1	445	11602
C:	7	0	28	1	444	12103
C:	7	0	28	1	446	12603
C:	7	0	28	1	445	13104
C:	7	0	28	1	445	13604
C:	7	0	28	1	445	14105
C:	7	0	28	1	446	14605
C:	7	0	28	1	446	15106
C:	7	0	28	1	447	15606
C:	7	0	28	1	446	16107
C:	7	0	28	1	446	16607
C:	7	0	28	1	446	17108
C:	7	0	28	1	446	17608
C:	7	0	28	1	446	18109
C:	7	0	28	1	446	18609
C:	7	0	28	1	445	19110
C:	7	0	28	1	446	19610
C:	7	0	28	1	445	20111
C:	7	0	28	1	446	20611
C:	7	0	28	1	445	21112
C:	7	0	28	1	447	21612
C:	7	0	28	1	449	22113
C:	7	0	28	1	449	22613
C:	7	0	28	1	447	23114
C:	7	0	28	1	448	23614
C:	7	0	28	1	447	24115
C:	7	0	28	1	449	24615
C:	7	0	28	1	449	25116
C:	7	0	28	1	448	25616
C:	7	0	28	1	447	26117
C:	7	0	28	1	448	26617
C:	7	0	28	1	446	27118
C:	7	0	28	1	447	27618
C:	7	0	28	1	446	28119
C:	7	0	28	1	446	28619
C:	7	0	28	1	446	29120
C:	7	0	28	1	445	29620
C:	7	0	28	1	447	30121
C:	7	0	28	1	444	30621
C:	7	0	28	1	447	31122
C:	7	0	28	1	446	31622
C:	7	0	28	1	446	32123
C:	7	0	28	1	447	32623
C:	7	0	28	1	445	33124
C:	7	0	28	1	448	33624
C:	7	0	28	1	445	34125
C:	7	0	28	1	446	79343
C:	7	0	28	1	445	79843
C:	7	0	28	1	445	80343
C:	7	0	28	1	445	80843
C:	7	0	28	1	445	81343
C:	7	0	28	1	446	81843
C:	7	0	28	1	446	82343
C:	7	0	28	1	446	82843
C:	7	0	28	1	446	83343
C:	7	0	28	1	446	83843
C:	7	0	28	1	445	84343
C:	7	0	28	1	444	84843
C:	7	0	28	1	445	85343
C:	7	0	28	1	445	85843
C:	7	0	28	1	4477	86343
C:	7	0	28	1	445	86843
C:	7	0	28	1	443	87343
C:	7	0	28	1	443	87843
C:	7	0	28	1	444	88343
C:	7	0	28	1	444	88843
C:	7	0	28	1	444	89343
C:	7	0	28	1	447	89843
C:	7	0	28	1	446	90343
C:	7	0	28	1	446	90843
C:	7	0	28	1	445	91343
C:	7	0	28	1	445	91843
C:	7	0	28	1	445	92343
C:	7	0	28	1	444	92843
C:	7	0	28	1	446	93343
C:	7	0	28	1	443	93843
C:	7	0	28	1	444	94343
C:	7	0	28	1	444	94843
C:	7	0	28	1	444	95343
C:	7	0	28	1	446	95843
C:	7	0	28	1	445	96343
C:	7	0	28	1	446	96843
C:	7	0	28	1	443	97343
C:	7	0	28	1	443	97843
C:	7	0	28	1	445	98343
C:	7	0	28	1	444	98843
C:	7	0	28	1	446	99343
C:	7	0	28	1	445	99843
C:	7	0	28	1	445	100343
C:	7	0	28	1	445	100843
C:	7	0	28	1	445	101343
C:	7	0	28	1	444	101843
C:	7	0	28	1	444	102343
C:	7	0	28	1	444	102843
C:	7	0	28	1	443	103343
C:	7	0	28	1	443	103843
C:	7	0	28	1	445	104343
C:	7	0	28	1	445	104843
C:	7	0	28	1	448	105343
C:	7	0	28	1	445	105843
C:	7	0	28	1	445	106343
C:	7	0	28	1	445	106843
C:	7	0	28	1	445	107343
C:	7	0	28	1	447	107843
C:	7	0	28	1	447	108343
C:	7	0	28	1	446	108843
C:	7	0	28	1	447	109343
C:	7	0	28	1	446	109843
C:	7	0	28	1	449	110343
C:	7	0	28	1	447	110843
C:	7	0	28	1	450	111343
C:	7	0	28	1	448	111843
C:	7	0	28	1	446	112343
C:	7	0	28	1	448	112843
C:	7	0	28	1	447	113343
C:	7	0	28	1	448	113843
C:	7	0	28	1	447	114343
C:	7	0	28	1	448	114843
C:	7	0	28	1	447	115343
C:	7	0	28	1	447	115843
C:	7	0	28	1	448	116343
C:	7	0	28	1	445	116843
C:	7	0	28	1	447	117343
C:	7	0	28	1	448	117843
C:	7	0	28	1	448	118343
C:	7	0	28	1	447	118843
C:	7	0	28	1	448	119343
C:	7	0	28	1	447	119843
C:	7	0	28	1	445	120343
C:	7	0	28	1	447	120843
C:	7	0	28	1	447	121343
C:	7	0	28	1	447	121843
C:	7	0	28	1	446	122343
C:	7	0	28	1	444	122843
C:	7	0	28	1	445	123343
C:	7	0	28	1	447	123843
C:	7	0	28	1	446	124343
C:	7	0	28	1	445	124843
C:	7	0	28	1	445	125343
C:	7	0	28	1	446	125843
C:	7	0	28	1	446	126343
C:	7	0	28	1	444	126843
C:	7	0	28	1	445	127343
C:	7	0	28	1	444	127843
C:	7	0	28	1	447	128343
C:	7	0	28	1	444	128843
C:	7	0	28	1	445	129343
C:	7	0	28	1	447	129843
C:	7	0	28	1	444	130343
C:	7	0	28	1	446	130843
C:	7	0	28	1	446	131343
C:	7	0	28	1	446	131843
C:	7	0	28	1	446	132343
C:	7	0	28	1	447	132843
C:	7	0	28	1	447	133343
C:	7	0	28	1	446	133843
C:	7	0	28	1	447	134343
C:	7	0	28	1	446	134843
C:	7	0	28	1	445	135343
C:	7	0	28	1	446	135843
C:	7	0	28	1	446	136343
C:	7	0	28	1	447	136843
C:	7	0	28	1	447	137343
C:	7	0	28	1	447	137843
C:	7	0	28	1	445	138343
C:	7	0	28	1	446	138843
C:	7	0	28	1	445	139343
C:	7	0	28	1	444	139843
C:	7	0	28	1	446	140343
C:	7	0	28	1	446	140843
C:	7	0	28	1	445	141343
C:	7	0	28	1	444	141843
C:	7	0	28	1	445	142343
C:	7	0	28	1	445	142843
C:	7	0	28	1	446	143343
C:	7	0	28	1	446	143843
C:	7	0	28	1	446	144343
C:	7	0	28	1	447	144843
C:	7	0	28	1	445	145343
C:	7	0	28	1	444	145843
C:	7	0	28	1	446	146343
C:	7	0	28	1	446	146843
C:	7	0	28	1	445	147343
C:	7	0	28	1	446	147843
C:	7	0	28	1	446	148343
C:	7	0	28	1	447	148843
C:	7	0	28	1	446	149343
C:	7	0	28	1	447	149843
C:	7	0	28	1	448	150343
C:	7	0	28	1	448	150843
C:	7	0	28	1	448	151343
C:	7	0	28	1	447	151843
C:	7	0	28	1	445	152343
C:	7	0	28	1	445	152843
C:	7	0	28	1	446	153343
C:	7	0	28	1	447	153843
C:	7	0	28	1	446	154343
C:	7	0	28	1	446	154843
C:	7	0	28	1	446	155343
C:	7	0	28	1	446	155843
C:	7	0	28	1	447	156343
C:	7	0	28	1	447	156843
C:	7	0	28	1	446	157343
C:	7	0	28	1	445	157843
C:	7	0	28	1	446	158343
C:	7	0	28	1	446	158843
C:	7	0	28	1	446	159343
C:	7	0	28	1	448	159843
C:	7	0	28	1	445	160343
C:	7	0	28	1	447	160843
C:	7	0	28	1	446	161343
C:	7	0	28	1	445	161843
C:	7	0	28	1	445	162343
C:	7	0	28	1	445	162843
C:	7	0	28	1	447	163343
C:	7	0	28	1	447	163843
C:	7	0	28	1	447	164343
C:	7	0	28	1	448	164843
C:	7	0	28	1	446	165343
C:	7	0	28	1	446	165843
C:	7	0	28	1	446	166343
C:	7	0	28	1	447	166843
C:	7	0	28	1	447	167343
C:	7	0	28	1	447	167843
C:	7	0	28	1	449	168343
C:	7	0	28	1	448	168843
C:	7	0	28	1	446	169343
C:	7	0	28	1	448	169843
C:	7	0	28	1	446	170343
C:	7	0	28	1	447	170843
C:	7	0	28	1	448	171343
C:	7	0	28	1	448	171843
C:	7	0	28	1	448	172343
C:	7	0	28	1	448	172843
C:	7	0	28	1	448	173343
C:	7	0	28	1	448	173843
C:	7	0	28	1	448	174343
C:	7	0	28	1	450	174843
C:	7	0	28	1	448	175343
C:	7	0	28	1	448	175843
C:	7	0	28	1	449	176343
C:	7	0	28	1	448	176843
C:	7	0	28	1	448	177343
C:	7	0	28	1	447	177843
C:	7	0	28	1	447	178343
C:	7	0	28	1	449	178843
C:	7	0	28	1	450	179343
C:	7	0	28	1	449	179843
C:	7	0	28	1	450	180343
C:	7	0	28	1	449	180843
C:	7	0	28	1	449	181343
C:	7	0	28	1	448	181843
C:	7	0	28	1	448	182343
C:	7	0	28	1	448	182843
C:	7	0	28	1	447	183343
C:	7	0	28	1	448	183843
C:	7	0	28	1	446	184343
C:	7	0	28	1	448	184843
C:	7	0	28	1	447	185343
C:	7	0	28	1	449	185843
C:	7	0	28	1	447	186343
C:	7	0	28	1	447	186843
C:	7	0	28	1	447	187343
C:	7	0	28	1	447	187843
C:	7	0	28	1	447	188343
C:	7	0	28	1	449	188843
C:	7	0	28	1	447	189343
C:	7	0	28	1	447	189843
C:	7	0	28	1	445	190343
C:	7	0	28	1	447	190843
C:	7	0	28	1	449	191343
C:	7	0	28	1	447	191843
C:	7	0	28	1	447	192343
C:	7	0	28	1	446	192843
C:	7	0	28	1	445	193343
C:	7	0	28	1	446	193843
C:	7	0	28	1	445	194343
C:	7	0	28	1	444	194843
C:	7	0	28	1	445	195343
C:	7	0	28	1	446	195843
C:	7	0	28	1	445	196343
C:	7	0	28	1	445	196843
C:	7	0	28	1	445	197343
C:	7	0	28	1	444	197843
C:	7	0	28	1	446	198343
C:	7	0	28	1	446	198843
C:	7	0	28	1	446	199343
C:	7	0	28	1	446	199843
C:	7	0	28	1	445	200343
C:	7	0	28	1	446	200843
C:	7	0	28	1	445	201343
C:	7	0	28	1	446	201843
C:	7	0	28	1	445	202343
C:	7	0	28	1	445	202843
C:	7	0	28	1	446	203343
C:	7	0	28	1	444	203843
C:	7	0	28	1	443	204343
C:	7	0	28	1	443	204843
C:	7	0	28	1	444	205343
C:	7	0	28	1	443	205843
C:	7	0	28	1	445	206343
C:	7	0	28	1	444	206843
C:	7	0	28	1	443	207343
C:	7	0	28	1	444	207843
C:	7	0	28	1	444	208343
C:	7	0	28	1	443	208843
C:	7	0	28	1	444	209343
C:	7	0	28	1	443	209843
C:	7	0	28	1	442	210343
C:	7	0	28	1	444	210843
C:	7	0	28	1	444	211343
C:	7	0	28	1	444	211843
C:	7	0	28	1	444	212343
C:	7	0	28	1	444	212843
C:	7	0	28	1	445	213343
C:	7	0	28	1	444	213843
C:	7	0	28	1	445	214343
C:	7	0	28	1	446	214843
C:	7	0	28	1	446	215343
C:	7	0	28	1	445	215843
C:	7	0	28	1	445	216343
C:	7	0	28	1	445	216843
C:	7	0	28	1	444	217343
C:	7	0	28	1	446	217843
C:	7	0	28	1	447	218343
C:	7	0	28	1	447	218843
C:	7	0	28	1	446	219343
C:	7	0	28	1	446	219843
C:	7	0	28	1	447	220343
C:	7	0	28	1	446	220843
C:	7	0	28	1	447	221343
C:	7	0	28	1	445	221843
C:	7	0	28	1	446	222343
C:	7	0	28	1	447	222843
C:	7	0	28	1	447	223343
C:	7	0	28	1	447	223843
C:	7	0	28	1	445	224343
C:	7	0	28	1	446	224843
C:	7	0	28	1	445	225343
C:	7	0	28	1	446	225843
C:	7	0	28	1	444	226343
C:	7	0	28	1	446	226843
C:	7	0	28	1	445	227343
C:	7	0	28	1	444	227843
C:	7	0	28	1	445	228343
C:	7	0	28	1	445	228843
C:	7	0	28	1	445	229343
C:	7	0	28	1	444	229843
C:	7	0	28	1	445	230343
C:	7	0	28	1	446	230843
C:	7	0	28	1	447	231343
C:	7	0	28	1	445	231843
C:	7	0	28	1	445	232343
C:	7	0	28	1	445	232843
C:	7	0	28	1	445	233343
C:	7	0	28	1	445	233843
C:	7	0	28	1	447	234343
C:	7	0	28	1	445	234843
C:	7	0	28	1	447	235343
C:	7	0	28	1	446	235843
C:	7	0	28	1	445	236343
C:	7	0	28	1	445	236843
C:	7	0	28	1	445	237343
C:	7	0	28	1	446	237843
C:	7	0	28	1	445	238343
C:	7	0	28	1	446	238843
C:	7	0	28	1	445	239343
C:	7	0	28	1	444	239843
C:	7	0	28	1	446	240343
C:	7	0	28	1	445	240843
C:	7	0	28	1	445	241343
C:	7	0	28	1	445	241843
C:	7	0	28	1	444	242343
C:	7	0	28	1	444	242843
C:	7	0	28	1	444	243343
C:	7	0	28	1	446	243843
C:	7	0	28	1	445	244343
C:	7	0	28	1	445	244843
C:	7	0	28	1	446	245343
C:	7	0	28	1	444	245843
C:	7	0	28	1	445	246343
C:	7	0	28	1	443	246843
C:	7	0	28	1	445	247343
C:	7	0	28	1	445	247843
C:	7	0	28	1	445	248343
C:	7	0	28	1	445	248843
C:	7	0	28	1	444	249343
C:	7	0	28	1	446	249843
C:	7	0	28	1	445	250343
C:	7	0	28	1	444	250843
C:	7	0	28	1	444	251343
C:	7	0	28	1	445	251843
C:	7	0	28	1	445	252343
C:	7	0	28	1	444	252843
C:	7	0	28	1	445	253344
C:	7	0	28	1	443	253844
C:	7	0	28	1	445	254345
C:	7	0	28	1	445	254845
C:	7	0	28	1	443	255346
C:	7	0	28	1	446	255846
C:	7	0	28	1	442	256347
C:	7	0	28	1	442	256847
C:	7	0	28	1	443	257348
C:	7	0	28	1	444	257848
C:	7	0	28	1	445	258348
C:	7	0	28	1	446	258848
C:	7	0	28	1	445	259348
C:	7	0	28	1	444	259848
C:	7	0	28	1	445	260348
C:	7	0	28	1	445	260848
C:	7	0	28	1	446	261348
C:	7	0	28	1	445	261848
C:	7	0	28	1	446	262348
C:	7	0	28	1	445	262848
C:	7	0	28	1	445	263348
C:	7	0	28	1	446	263848
C:	7	0	28	1	446	264348
C:	7	0	28	1	446	264848
C:	7	0	28	1	445	265348
C:	7	0	28	1	446	265848
C:	7	0	28	1	446	266348
C:	7	0	28	1	446	266848
C:	7	0	28	1	444	267348
C:	7	0	28	1	445	267848
C:	7	0	28	1	446	268348
C:	7	0	28	1	447	268848
C:	7	0	28	1	445	269348
C:	7	0	28	1	444	269848
C:	7	0	28	1	444	270348
C:	7	0	28	1	444	270848
C:	7	0	28	1	445	271348
C:	7	0	28	1	447	271848
C:	7	0	28	1	447	272348
C:	7	0	28	1	448	272848
C:	7	0	28	1	446	273348
C:	7	0	28	1	446	273848
C:	7	0	28	1	445	274348
C:	7	0	28	1	446	274848
C:	7	0	28	1	446	275348
C:	7	0	28	1	448	275848
C:	7	0	28	1	447	276348
C:	7	0	28	1	446	276848
C:	7	0	28	1	446	277348
C:	7	0	28	1	444	277848
C:	7	0	28	1	444	278348
C:	7	0	28	1	447	278848
C:	7	0	28	1	447	279348
C:	7	0	28	1	446	279848
C:	7	0	28	1	445	280348
C:	7	0	28	1	444	280848
C:	7	0	28	1	445	281348
C:	7	0	28	1	445	281848
C:	7	0	28	1	446	282348
C:	7	0	28	1	445	282848
C:	7	0	28	1	445	283348
C:	7	0	28	1	445	283848
C:	7	0	28	1	445	284348
C:	7	0	28	1	447	284848
C:	7	0	28	1	445	285348
C:	7	0	28	1	446	285848
C:	7	0	28	1	444	286348
C:	7	0	28	1	444	286848
C:	7	0	28	1	445	287348
C:	7	0	28	1	444	287848
C:	7	0	28	1	445	288348
C:	7	0	28	1	446	288848
C:	7	0	28	1	446	289348
C:	7	0	28	1	445	289848
C:	7	0	28	1	447	290348
C:	7	0	28	1	448	290848
C:	7	0	28	1	4447	291348
C:	7	0	28	1	447	291848
C:	7	0	28	1	447	292348
C:	7	0	28	1	448	292848
C:	7	0	28	1	447	293348
C:	7	0	28	1	448	293848
C:	7	0	28	1	446	294348
C:	7	0	28	1	447	294848
C:	7	0	28	1	447	295348
C:	7	0	28	1	446	295848
C:	7	0	28	1	447	296348
C:	7	0	28	1	445	296848
C:	7	0	28	1	445	297348
C:	7	0	28	1	446	297848
C:	7	0	28	1	447	298348
C:	7	0	28	1	447	298848
C:	7	0	28	1	448	299348
C:	7	0	28	1	447	299848
C:	7	0	28	1	448	300348
C:	7	0	28	1	448	300848
C:	7	0	28	1	449	301348
C:	7	0	28	1	448	301848
C:	7	0	28	1	448	302348
C:	7	0	28	1	449	302848
C:	7	0	28	1	446	303348
C:	7	0	28	1	447	303848
C:	7	0	28	1	447	304348
C:	7	0	28	1	448	304848
C:	7	0	28	1	447	305348
C:	7	0	28	1	448	305848
C:	7	0	28	1	447	306348
C:	7	0	28	1	445	306848
C:	7	0	28	1	448	307348
C:	7	0	28	1	449	307848
C:	7	0	28	1	448	308348
C:	7	0	28	1	446	308848
C:	7	0	28	1	449	309348
C:	7	0	28	1	446	309848
C:	7	0	28	1	447	310348
C:	7	0	28	1	449	310848
C:	7	0	28	1	446	311348
C:	7	0	28	1	445	311848
C:	7	0	28	1	447	312348
C:	7	0	28	1	447	312848
C:	7	0	28	1	445	313348
C:	7	0	28	1	444	313848
C:	7	0	28	1	445	314348
C:	7	0	28	1	445	314848
C:	7	0	28	1	445	315348
C:	7	0	28	1	446	315848
C:	7	0	28	1	446	316348
C:	7	0	28	1	448	316848
C:	7	0	28	1	447	317348
C:	7	0	28	1	447	317848
C:	7	0	28	1	446	318348
C:	7	0	28	1	446	318848
C:	7	0	28	1	446	319348
C:	7	0	28	1	447	319848
C:	7	0	28	1	447	320348
C:	7	0	28	1	445	320848
C:	7	0	28	1	446	321348
C:	7	0	28	1	447	321848
C:	7	0	28	1	447	322348
C:	7	0	28	1	446	322848
C:	7	0	28	1	446	323348
C:	7	0	28	1	447	323848
C:	7	0	28	1	445	324348
C:	7	0	28	1	445	324848
C:	7	0	28	1	444	325348
C:	7	0	28	1	446	325848
C:	7	0	28	1	445	326348
C:	7	0	28	1	446	326848
C:	7	0	28	1	446	327348
C:	7	0	28	1	447	327848
C:	7	0	28	1	448	328348
C:	7	0	28	1	447	328848
C:	7	0	28	1	447	329348
C:	7	0	28	1	446	329848
C:	7	0	28	1	445	330348
C:	7	0	28	1	447	330848
C:	7	0	28	1	445	331348
C:	7	0	28	1	447	331848
C:	7	0	28	1	447	332348
C:	7	0	28	1	446	332848
C:	7	0	28	1	447	333348
C:	7	0	28	1	446	333848
C:	7	0	28	1	447	334348
C:	7	0	28	1	445	334848
C:	7	0	28	1	448	335348
C:	7	0	28	1	446	335848
C:	7	0	28	1	445	336348
C:	7	0	28	1	446	336848
C:	7	0	28	1	446	337348
C:	7	0	28	1	446	337848
C:	7	0	28	1	447	338348
C:	7	0	28	1	445	338848
C:	7	0	28	1	445	339348
C:	7	0	28	1	444	339848
C:	7	0	28	1	445	340348
C:	7	0	28	1	445	340848
C:	7	0	28	1	446	341348
C:	7	0	28	1	447	341848
C:	7	0	28	1	447	342348
C:	7	0	28	1	445	342848
C:	7	0	28	1	445	343348
C:	7	0	28	1	446	343848
C:	7	0	28	1	446	344348
C:	7	0	28	1	446	344848
C:	7	0	28	1	445	345348
C:	7	0	28	1	445	345848
C:	7	0	28	1	446	346348
C:	7	0	28	1	446	346848
C:	7	0	28	1	446	347348
C:	7	0	28	1	446	347848
C:	7	0	28	1	447	348348
C:	7	0	28	1	445	348848
C:	7	0	28	1	445	349348
C:	7	0	28	1	446	349848
C:	7	0	28	1	446	350348
C:	7	0	28	1	446	350848
C:	7	0	28	1	447	351348
C:	7	0	28	1	446	351848
C:	7	0	28	1	447	352348
C:	7	0	28	1	448	352848
C:	7	0	28	1	446	353348
C:	7	0	28	1	447	353848
C:	7	0	28	1	444	354348
C:	7	0	28	1	447	354848
C:	7	0	28	1	447	355348
C:	7	0	28	1	446	355848
C:	7	0	28	1	444	356348
C:	7	0	28	1	446	356848
C:	7	0	28	1	446	357348
C:	7	0	28	1	445	357848
C:	7	0	28	1	444	358348
C:	7	0	28	1	446	358848
C:	7	0	28	1	446	359348
C:	7	0	28	1	445	359848
C:	7	0	28	1	448	360348
C:	7	0	28	1	445	360848
C:	7	0	28	1	447	361348
C:	7	0	28	1	447	361848
C:	7	0	28	1	448	362348
C:	7	0	28	1	448	362848
C:	7	0	28	1	446	363348
C:	7	0	28	1	446	363848
C:	7	0	28	1	445	364348
C:	7	0	28	1	447	364848
C:	7	0	28	1	446	365348
C:	7	0	28	1	448	365848
C:	7	0	28	1	448	366348
C:	7	0	28	1	447	366848
C:	7	0	28	1	447	367348
C:	7	0	28	1	447	367848
C:	7	0	28	1	446	368348
C:	7	0	28	1	445	368848
C:	7	0	28	1	445	369348
C:	7	0	28	1	446	369848
C:	7	0	28	1	446	370348
C:	7	0	28	1	445	370848
C:	7	0	28	1	446	371348
C:	7	0	28	1	447	371848
C:	7	0	28	1	446	372348
C:	7	0	28	1	445	372848
C:	7	0	28	1	446	373348
C:	7	0	28	1	446	373848
C:	7	0	28	1	446	374348
C:	7	0	28	1	447	374848
C:	7	0	28	1	448	375348
C:	7	0	28	1	447	375848
C:	7	0	28	1	447	376348
C:	7	0	28	1	446	376848
C:	7	0	28	1	446	377348
C:	7	0	28	1	446	377848
C:	7	0	28	1	446	378348
C:	7	0	28	1	447	378848
C:	7	0	28	1	447	379348
C:	7	0	28	1	448	379848
C:	7	0	28	1	446	380348
C:	7	0	28	1	446	380848
C:	7	0	28	1	445	381348
C:	7	0	28	1	446	381848
C:	7	0	28	1	447	382348
C:	7	0	28	1	446	382848
C:	7	0	28	1	447	383348
C:	7	0	28	1	444	383848
C:	7	0	28	1	445	384348
C:	7	0	28	1	446	384848
C:	7	0	28	1	445	385348
C:	7	0	28	1	446	385848
C:	7	0	28	1	446	386348
C:	7	0	28	1	447	386848
C:	7	0	28	1	448	387348
C:	7	0	28	1	446	387848
C:	7	0	28	1	447	388348
C:	7	0	28	1	447	388848
C:	7	0	28	1	446	389348
C:	7	0	28	1	446	389848
C:	7	0	28	1	446	390348
C:	7	0	28	1	446	390848
C:	7	0	28	1	444	391348
C:	7	0	28	1	444	391848
C:	7	0	28	1	447	392348
C:	7	0	28	1	445	392848
C:	7	0	28	1	444	393348
C:	7	0	28	1	445	393848
C:	7	0	28	1	446	394348
C:	7	0	28	1	445	394848
C:	7	0	28	1	446	395348
C:	7	0	28	1	444	395848
C:	7	0	28	1	443	396348
C:	7	0	28	1	445	396848
C:	7	0	28	1	444	397348
C:	7	0	28	1	445	397848
C:	7	0	28	1	445	398348
C:	7	0	28	1	444	398848
C:	7	0	28	1	446	399348
C:	7	0	28	1	445	399848
C:	7	0	28	1	446	400348
C:	7	0	28	1	444	400848
C:	7	0	28	1	448	401348
C:	7	0	28	1	446	401848
C:	7	0	28	1	446	402348
C:	7	0	28	1	445	402848
C:	7	0	28	1	445	403348
C:	7	0	28	1	445	403848
C:	7	0	28	1	447	404348
C:	7	0	28	1	447	404848
C:	7	0	28	1	447	405348
C:	7	0	28	1	444	405848
C:	7	0	28	1	444	406348
C:	7	0	28	1	445	406848
C:	7	0	28	1	444	407348
C:	7	0	28	1	444	407848
C:	7	0	28	1	445	408348
C:	7	0	28	1	444	408848
C:	7	0	28	1	445	409348
C:	7	0	28	1	446	409848
C:	7	0	28	1	444	410348
C:	7	0	28	1	444	410848
C:	7	0	28	1	4444	411348
C:	7	0	28	1	445	411848
C:	7	0	28	1	446	412348
C:	7	0	28	1	443	412848
C:	7	0	28	1	443	413348
C:	7	0	28	1	445	413848
C:	7	0	28	1	445	414348
C:	7	0	28	1	445	414848
C:	7	0	28	1	447	415348
C:	7	0	28	1	447	415848
C:	7	0	28	1	447	416348
C:	7	0	28	1	446	416848
C:	7	0	28	1	445	417348
C:	7	0	28	1	445	417848
C:	7	0	28	1	446	418348
C:	7	0	28	1	445	418848
C:	7	0	28	1	446	419348
C:	7	0	28	1	445	419848
C:	7	0	28	1	447	420348
C:	7	0	28	1	445	420848
C:	7	0	28	1	443	421348
C:	7	0	28	1	446	421848
C:	7	0	28	1	445	422348
C:	7	0	28	1	446	422848
C:	7	0	28	1	446	423348
C:	7	0	28	1	446	423848
C:	7	0	28	1	444	424348
C:	7	0	28	1	444	424848
C:	7	0	28	1	447	425348
C:	7	0	28	1	447	425848
C:	7	0	28	1	447	426348
C:	7	0	28	1	445	426848
C:	7	0	28	1	446	427348
C:	7	0	28	1	446	427848
C:	7	0	28	1	445	428348
C:	7	0	28	1	447	428848
C:	7	0	28	1	446	429348
C:	7	0	28	1	444	429848
C:	7	0	28	1	444	430348
C:	7	0	28	1	445	430848
C:	7	0	28	1	446	431348
C:	7	0	28	1	445	431848
C:	7	0	28	1	446	432348
C:	7	0	28	1	445	432848
C:	7	0	28	1	445	433348
C:	7	0	28	1	447	433848
C:	7	0	28	1	446	434348
C:	7	0	28	1	445	434848
C:	7	0	28	1	444	435348
C:	7	0	28	1	446	435848
C:	7	0	28	1	446	436348
C:	7	0	28	1	447	436848
C:	7	0	28	1	448	437348
C:	7	0	28	1	445	437848
C:	7	0	28	1	446	438348
C:	7	0	28	1	446	438848
C:	7	0	28	1	447	439348
C:	7	0	28	1	448	439848
C:	7	0	28	1	447	440348
C:	7	0	28	1	446	440848
C:	7	0	28	1	447	441348
C:	7	0	28	1	446	441848
C:	7	0	28	1	449	442348
C:	7	0	28	1	447	442848
C:	7	0	28	1	447	443348
C:	7	0	28	1	447	443848
C:	7	0	28	1	448	444348
C:	7	0	28	1	447	444848
C:	7	0	28	1	445	445348
C:	7	0	28	1	445	445848
C:	7	0	28	1	445	446348
C:	7	0	28	1	445	446848
C:	7	0	28	1	447	447348
C:	7	0	28	1	446	447848
C:	7	0	28	1	446	448348
C:	7	0	28	1	446	448848
C:	7	0	28	1	448	449348
C:	7	0	28	1	446	449848
C:	7	0	28	1	446	450348
C:	7	0	28	1	448	450848
C:	7	0	28	1	446	451348
C:	7	0	28	1	445	451848
C:	7	0	28	1	447	452348
C:	7	0	28	1	446	452848
C:	7	0	28	1	446	453348
C:	7	0	28	1	446	453848
C:	7	0	28	1	447	454348
C:	7	0	28	1	446	454848
C:	7	0	28	1	446	455348
C:	7	0	28	1	445	455848
C:	7	0	28	1	446	456348
C:	7	0	28	1	446	456848
C:	7	0	28	1	445	457348
C:	7	0	28	1	445	457848
C:	7	0	28	1	443	458348
C:	7	0	28	1	444	458848
C:	7	0	28	1	444	459348
C:	7	0	28	1	445	459848
C:	7	0	28	1	446	460348
C:	7	0	28	1	444	460848
C:	7	0	28	1	444	461348
C:	7	0	28	1	444	461848
C:	7	0	28	1	446	462348
C:	7	0	28	1	445	462848
C:	7	0	28	1	445	463348
C:	7	0	28	1	445	463848
C:	7	0	28	1	444	464348
C:	7	0	28	1	446	464848
C:	7	0	28	1	445	465348
C:	7	0	28	1	446	465848
C:	7	0	28	1	446	466348
C:	7	0	28	1	445	466848
C:	7	0	28	1	444	467348
C:	7	0	28	1	445	467848
C:	7	0	28	1	446	468348
C:	7	0	28	1	446	468848
C:	7	0	28	1	447	469348
C:	7	0	28	1	445	469848
C:	7	0	28	1	444	470348
C:	7	0	28	1	445	470848
C:	7	0	28	1	446	471348
C:	7	0	28	1	445	471848
C:	7	0	28	1	446	472348
C:	7	0	28	1	446	472848
C:	7	0	28	1	447	473348
C:	7	0	28	1	445	473848
C:	7	0	28	1	445	474348
C:	7	0	28	1	445	474848
C:	7	0	28	1	446	475348
C:	7	0	28	1	447	475848
C:	7	0	28	1	446	476348
C:	7	0	28	1	446	476848
C:	7	0	28	1	446	477348
C:	7	0	28	1	446	477848
C:	7	0	28	1	445	478348
C:	7	0	28	1	445	478848
C:	7	0	28	1	445	479348
C:	7	0	28	1	445	479848
C:	7	0	28	1	444	480348
C:	7	0	28	1	445	480848
C:	7	0	28	1	446	481348
C:	7	0	28	1	446	481848
C:	7	0	28	1	444	482348
C:	7	0	28	1	445	482848
C:	7	0	28	1	446	483348
C:	7	0	28	1	447	483848
C:	7	0	28	1	446	484348
C:	7	0	28	1	446	484848
C:	7	0	28	1	447	485348
C:	7	0	28	1	446	485848
C:	7	0	28	1	445	486348
C:	7	0	28	1	445	486848
C:	7	0	28	1	445	487348
C:	7	0	28	1	447	487848
C:	7	0	28	1	447	488348
C:	7	0	28	1	444	488848
C:	7	0	28	1	446	489348
C:	7	0	28	1	446	489848
C:	7	0	28	1	447	490348
C:	7	0	28	1	446	490848
C:	7	0	28	1	447	491348
C:	7	0	28	1	446	491848
C:	7	0	28	1	446	492348
C:	7	0	28	1	446	492848
C:	7	0	28	1	446	493348
C:	7	0	28	1	446	493848
C:	7	0	28	1	444	494348
C:	7	0	28	1	445	494848
C:	7	0	28	1	444	495348
C:	7	0	28	1	445	495848
C:	7	0	28	1	445	496348
C:	7	0	28	1	446	496848
C:	7	0	28	1	445	497348
C:	7	0	28	1	445	497848
C:	7	0	28	1	447	498348
C:	7	0	28	1	446	498848
C:	7	0	28	1	446	499348
C:	7	0	28	1	447	499848
C:	7	0	28	1	446	500348
C:	7	0	28	1	448	500848
C:	7	0	28	1	447	501348
C:	7	0	28	1	447	501848
C:	7	0	28	1	446	502348
C:	7	0	28	1	448	502848
C:	7	0	28	1	447	503348
C:	7	0	28	1	447	503848
C:	7	0	28	1	446	504348
C:	7	0	28	1	448	504848
C:	7	0	28	1	446	505348
C:	7	0	28	1	445	505848
C:	7	0	28	1	445	506348
C:	7	0	28	1	446	506848
C:	7	0	28	1	446	507348
C:	7	0	28	1	446	507848
C:	7	0	28	1	446	508348
C:	7	0	28	1	447	508848
C:	7	0	28	1	447	509348
C:	7	0	28	1	446	509848
C:	7	0	28	1	445	510348
C:	7	0	28	1	448	510848
C:	7	0	28	1	446	511348
C:	7	0	28	1	445	511848
C:	7	0	28	1	446	512348
C:	7	0	28	1	447	512848
C:	7	0	28	1	446	513348
C:	7	0	28	1	447	513848
C:	7	0	28	1	446	514348
C:	7	0	28	1	446	514848
C:	7	0	28	1	446	515348
C:	7	0	28	1	444	515848
C:	7	0	28	1	446	516348
C:	7	0	28	1	447	516848
C:	7	0	28	1	447	517348
C:	7	0	28	1	445	517848
C:	7	0	28	1	447	518348
C:	7	0	28	1	446	518848
C:	7	0	28	1	446	519348
C:	7	0	28	1	444	519848
C:	7	0	28	1	447	520348
C:	7	0	28	1	446	520848
C:	7	0	28	1	446	521348
C:	7	0	28	1	446	521848
C:	7	0	28	1	446	522348
C:	7	0	28	1	447	522848
C:	7	0	28	1	442	523348
C:	7	0	28	1	445	523848
C:	7	0	28	1	447	524348
C:	7	0	28	1	445	524848
C:	7	0	28	1	446	525348
C:	7	0	28	1	445	525848
C:	7	0	28	1	446	526348
C:	7	0	28	1	445	526848
C:	7	0	28	1	446	527348
C:	7	0	28	1	448	527848
C:	7	0	28	1	447	528348
C:	7	0	28	1	447	528848
C:	7	0	28	1	446	529348
C:	7	0	28	1	445	529848
C:	7	0	28	1	445	530348
C:	7	0	28	1	444	530848
C:	7	0	28	1	447	531348
C:	7	0	28	1	445	531848
C:	7	0	28	1	445	532348
C:	7	0	28	1	444	532848
C:	7	0	28	1	446	533348
C:	7	0	28	1	446	533848
C:	7	0	28	1	445	534348
C:	7	0	28	1	445	534848
C:	7	0	28	1	444	535348
C:	7	0	28	1	446	535848
C:	7	0	28	1	444	536348
C:	7	0	28	1	444	536848
C:	7	0	28	1	445	537348
C:	7	0	28	1	448	537848
C:	7	0	28	1	447	538348
C:	7	0	28	1	445	538848
C:	7	0	28	1	445	539348
C:	7	0	28	1	444	539848
C:	7	0	28	1	447	540348
C:	7	0	28	1	446	540848
C:	7	0	28	1	446	541348
C:	7	0	28	1	447	541848
C:	7	0	28	1	446	542348
C:	7	0	28	1	445	542848
C:	7	0	28	1	446	543348
C:	7	0	28	1	446	543848
C:	7	0	28	1	446	544348
C:	7	0	28	1	445	544848
C:	7	0	28	1	445	545348
C:	7	0	28	1	445	545848
C:	7	0	28	1	445	546348
C:	7	0	28	1	448	546848
C:	7	0	28	1	445	547348
C:	7	0	28	1	444	547848
C:	7	0	28	1	445	548348
C:	7	0	28	1	445	548848
C:	7	0	28	1	446	549348
C:	7	0	28	1	446	549848
C:	7	0	28	1	446	550348
C:	7	0	28	1	444	550848
C:	7	0	28	1	445	551348
C:	7	0	28	1	446	551848
C:	7	0	28	1	446	552348
C:	7	0	28	1	445	552848
C:	7	0	28	1	447	553348
C:	7	0	28	1	445	553848
C:	7	0	28	1	445	554348
C:	7	0	28	1	448	554848
C:	7	0	28	1	448	555348
C:	7	0	28	1	446	555848
C:	7	0	28	1	446	556348
C:	7	0	28	1	446	556848
C:	7	0	28	1	446	557348
C:	7	0	28	1	444	557848
C:	7	0	28	1	446	558348
C:	7	0	28	1	446	558848
C:	7	0	28	1	446	559348
C:	7	0	28	1	447	559848
C:	7	0	28	1	447	560348
C:	7	0	28	1	446	560848
C:	7	0	28	1	448	561348
C:	7	0	28	1	445	561848
C:	7	0	28	1	447	562348
C:	7	0	28	1	447	562848
C:	7	0	28	1	445	563348
C:	7	0	28	1	447	563848
C:	7	0	28	1	445	564348
C:	7	0	28	1	445	564848
C:	7	0	28	1	446	565348
C:	7	0	28	1	447	565848
C:	7	0	28	1	446	566348
C:	7	0	28	1	445	566848
C:	7	0	28	1	446	567348
C:	7	0	28	1	446	567848
C:	7	0	28	1	446	568348
C:	7	0	28	1	448	568848
C:	7	0	28	1	447	569348
C:	7	0	28	1	445	569848
C:	7	0	28	1	446	570348
C:	7	0	28	1	447	570848
C:	7	0	28	1	445	571348
C:	7	0	28	1	446	571848
C:	7	0	28	1	446	572348
C:	7	0	28	1	446	572848
C:	7	0	28	1	446	573348
C:	7	0	28	1	446	573848
C:	7	0	28	1	447	574348
C:	7	0	28	1	448	574848
C:	7	0	28	1	446	575348
C:	7	0	28	1	447	575848
C:	7	0	28	1	446	576348
C:	7	0	28	1	446	576848
C:	7	0	28	1	448	577348
C:	7	0	28	1	448	577848
C:	7	0	28	1	445	578348
C:	7	0	28	1	445	578848
C:	7	0	28	1	445	579348
C:	7	0	28	1	448	579848
C:	7	0	28	1	446	580348
C:	7	0	28	1	444	580848
C:	7	0	28	1	448	581348
C:	7	0	28	1	446	581848
C:	7	0	28	1	446	582348
C:	7	0	28	1	445	582848
C:	7	0	28	1	446	583348
C:	7	0	28	1	446	583848
C:	7	0	28	1	445	584348
C:	7	0	28	1	445	584848
C:	7	0	28	1	447	585348
C:	7	0	28	1	447	585848
C:	7	0	28	1	447	586348
C:	7	0	28	1	447	586848
C:	7	0	28	1	446	587348
C:	7	0	28	1	446	587848
C:	7	0	28	1	446	588348
C:	7	0	28	1	445	588848
C:	7	0	28	1	445	589348
C:	7	0	28	1	445	589848
C:	7	0	28	1	446	590348
C:	7	0	28	1	445	590848
C:	7	0	28	1	446	591348
C:	7	0	28	1	445	591848
C:	7	0	28	1	446	592348
C:	7	0	28	1	446	592848
C:	7	0	28	1	446	593348
C:	7	0	28	1	446	593848
C:	7	0	28	1	445	594348
C:	7	0	28	1	443	594848
C:	7	0	28	1	443	595348
C:	7	0	28	1	445	595848
C:	7	0	28	1	446	596348
C:	7	0	28	1	446	596848
C:	7	0	28	1	444	597348
C:	7	0	28	1	445	597848
C:	7	0	28	1	443	598348
C:	7	0	28	1	446	598848
C:	7	0	28	1	446	599348
C:	7	0	28	1	446	599848
C:	7	0	28	1	450	600348
C:	7	0	28	1	444	600848
C:	7	0	28	1	443	601348
C:	7	0	28	1	445	601848
C:	7	0	28	1	445	602348
C:	7	0	28	1	444	602848
C:	7	0	28	1	444	603348
C:	7	0	28	1	444	603848
C:	7	0	28	1	445	604348
C:	7	0	28	1	446	604848
C:	7	0	28	1	445	605348
C:	7	0	28	1	445	605848
C:	7	0	28	1	442	606348
C:	7	0	28	1	444	606848
C:	7	0	28	1	445	607348
C:	7	0	28	1	444	607848
C:	7	0	28	1	443	608348
C:	7	0	28	1	446	608848
C:	7	0	28	1	443	609348
C:	7	0	28	1	444	609848
C:	7	0	28	1	444	610348
C:	7	0	28	1	444	610848
C:	7	0	28	1	445	611348
C:	7	0	28	1	444	611848
C:	7	0	28	1	443	612348
C:	7	0	28	1	445	612848
C:	7	0	28	1	447	613348
C:	7	0	28	1	445	613848
C:	7	0	28	1	445	614348
C:	7	0	28	1	442	614848
C:	7	0	28	1	444	615348
C:	7	0	28	1	444	615848
C:	7	0	28	1	442	616348
C:	7	0	28	1	444	616848
C:	7	0	28	1	445	617348
C:	7	0	28	1	444	617848
C:	7	0	28	1	444	618348
C:	7	0	28	1	443	618848
C:	7	0	28	1	442	619348
C:	7	0	28	1	444	619848
C:	7	0	28	1	443	620348
C:	7	0	28	1	444	620848
C:	7	0	28	1	443	621348
C:	7	0	28	1	444	621848
C:	7	0	28	1	442	622348
C:	7	0	28	1	445	622848
C:	7	0	28	1	446	623348
C:	7	0	28	1	445	623848
C:	7	0	28	1	444	624348
C:	7	0	28	1	445	624848
C:	7	0	28	1	443	625348
C:	7	0	28	1	444	625848
C:	7	0	28	1	443	626348
C:	7	0	28	1	443	626848
C:	7	0	28	1	445	627348
C:	7	0	28	1	446	627848
C:	7	0	28	1	443	628348
C:	7	0	28	1	444	628848
C:	7	0	28	1	445	629348
C:	7	0	28	1	444	629848
C:	7	0	28	1	442	630348
C:	7	0	28	1	441	630848
C:	7	0	28	1	443	631348
C:	7	0	28	1	443	631848
C:	7	0	28	1	443	632348
C:	7	0	28	1	445	632848
C:	7	0	28	1	442	633348
C:	7	0	28	1	443	633848
C:	7	0	28	1	446	634348
C:	7	0	28	1	444	634848
C:	7	0	28	1	444	635348
C:	7	0	28	1	444	635848
C:	7	0	28	1	444	636348
C:	7	0	28	1	445	636848
C:	7	0	28	1	442	637348
C:	7	0	28	1	444	637848
C:	7	0	28	1	443	638348
C:	7	0	28	1	443	638848
C:	7	0	28	1	443	639348
C:	7	0	28	1	444	639848
C:	7	0	28	1	444	640348
C:	7	0	28	1	444	640848
C:	7	0	28	1	444	641348
C:	7	0	28	1	444	641848
C:	7	0	28	1	444	642348
C:	7	0	28	1	443	642848
C:	7	0	28	1	444	643348
C:	7	0	28	1	444	643848
C:	7	0	28	1	446	644348
C:	7	0	28	1	444	644848
C:	7	0	28	1	444	645348
C:	7	0	28	1	444	645848
C:	7	0	28	1	446	646348
C:	7	0	28	1	444	646848
C:	7	0	28	1	444	647348
C:	7	0	28	1	445	647848
C:	7	0	28	1	444	648348
C:	7	0	28	1	445	648848
C:	7	0	28	1	444	649348
C:	7	0	28	1	444	649848
C:	7	0	28	1	445	650348
C:	7	0	28	1	445	650848
C:	7	0	28	1	444	651348
C:	7	0	28	1	444	651848
C:	7	0	28	1	444	652348
C:	7	0	28	1	445	652848
C:	7	0	28	1	446	653348
C:	7	0	28	1	442	653848
C:	7	0	28	1	442	654348
C:	7	0	28	1	442	654848
C:	7	0	28	1	444	655348
C:	7	0	28	1	444	655848
C:	7	0	28	1	444	656348
C:	7	0	28	1	445	656848
C:	7	0	28	1	445	657348
C:	7	0	28	1	444	657848
C:	7	0	28	1	445	658348
C:	7	0	28	1	443	658848
C:	7	0	28	1	445	659348
C:	7	0	28	1	445	659848
C:	7	0	28	1	446	660348
C:	7	0	28	1	445	660848
C:	7	0	28	1	444	661348
C:	7	0	28	1	145110	661848
C:	7	0	28	1	145115	662348
C:	7	0	28	1	145116	662848
C:	7	0	28	1	145116	663348
C:	7	0	28	1	145116	663848C:	7	0	28	2	0	663848
C:	7	0	28	1	145115	664348
C:	7	0	28	1	145115	664848
C:	7	0	28	1	145119	665348
C:	7	0	28	1	145119	665848
C:	7	0	28	1	145120	666348
C:	7	0	28	1	145121	666848
C:	7	0	28	1	145119	667348
C:	7	0	28	1	145119	667848
C:	7	0	28	1	145118	668348
C:	7	0	28	1	145121	668848
C:	7	0	28	1	145120	669348
C:	7	0	28	1	145121	669848
C:	7	0	28	1	145122	670348
C:	7	0	28	1	145122	670848
C:	7	0	28	1	145119	671348
C:	7	0	28	1	145118	671848
C:	7	0	28	1	145120	672348
C:	7	0	28	1	145120	672848
C:	7	0	28	1	145123	673348
C:	7	0	28	1	145121	673848
C:	7	0	28	1	145122	674348
C:	7	0	28	1	145123	674848
C:	7	0	28	1	145123	675348
C:	7	0	28	1	145121	675848
C:	7	0	28	1	145121	676348
C:	7	0	28	1	142963	676848
C:	7	0	28	1	142643	677348
C:	7	0	28	1	142573	677848
C:	7	0	28	1	142544	678348
C:	7	0	28	1	142523	678848
C:	7	0	28	1	142509	679348
C:	7	0	28	1	142492	679848
C:	7	0	28	1	142480	680348
C:	7	0	28	1	142469	680848
C:	7	0	28	1	142455	681348
C:	7	0	28	1	142442	681848
C:	7	0	28	1	142435	682348
C:	7	0	28	1	142423	682848
C:	7	0	28	1	142416	683348
C:	7	0	28	1	142405	683848
C:	7	0	28	1	142396	684348
C:	7	0	28	1	142390	684848
C:	7	0	28	1	142381	685348
C:	7	0	28	1	142371	685848
C:	7	0	28	1	142366	686348
C:	7	0	28	1	142356	686848
C:	7	0	28	1	142349	687348
C:	7	0	28	1	142342	687848
C:	7	0	28	1	142332	688348
C:	7	0	28	1	142325	688848
C:	7	0	28	1	142320	689348
C:	7	0	28	1	142313	689848
C:	7	0	28	1	142307	690348
C:	7	0	28	1	142299	690848
C:	7	0	28	1	142291	691348
C:	7	0	28	1	142286	691848
C:	7	0	28	1	142280	692348
C:	7	0	28	1	142270	692848
C:	7	0	28	1	142267	693348
C:	7	0	28	1	142258	693848
C:	7	0	28	1	142252	694348
C:	7	0	28	1	142244	694848
C:	7	0	28	1	142239	695348
C:	7	0	28	1	142234	695848
C:	7	0	28	1	142227	696348
C:	7	0	28	1	142219	696848
C:	7	0	28	1	142215	697348
C:	7	0	28	1	142209	697848
C:	7	0	28	1	142202	698348
C:	7	0	28	1	142197	698848
C:	7	0	28	1	142193	699348
C:	7	0	28	1	142189	699848
C:	7	0	28	1	142182	700348
C:	7	0	28	1	142178	700848
C:	7	0	28	1	142171	701348
C:	7	0	28	1	142166	701848
C:	7	0	28	1	142161	702348
C:	7	0	28	1	142156	702848
C:	7	0	28	1	142147	703348
C:	7	0	28	1	142146	703848
C:	7	0	28	1	142137	704348
C:	7	0	28	1	142137	704848
C:	7	0	28	1	142132	705348
C:	7	0	28	1	142127	705848
C:	7	0	28	1	142123	706348
C:	7	0	28	1	142118	706848
C:	7	0	28	1	142115	707348
C:	7	0	28	1	142109	707848
C:	7	0	28	1	142105	708348
C:	7	0	28	1	142101	708848
C:	7	0	28	1	142098	709348
C:	7	0	28	1	142092	709848
C:	7	0	28	1	142085	710348
C:	7	0	28	1	142083	710848
C:	7	0	28	1	142078	711348
C:	7	0	28	1	142075	711848
C:	7	0	28	1	142070	712348
C:	7	0	28	1	142066	712848
C:	7	0	28	1	142061	713348
C:	7	0	28	1	142057	713848
C:	7	0	28	1	142054	714348
C:	7	0	28	1	142049	714848
C:	7	0	28	1	142046	715348
C:	7	0	28	1	142042	715848
C:	7	0	28	1	142040	716348
C:	7	0	28	1	142036	716848
C:	7	0	28	1	142030	717348
C:	7	0	28	1	142025	717848
C:	7	0	28	1	142022	718348
C:	7	0	28	1	142018	718848
C:	7	0	28	1	142015	719348
C:	7	0	28	1	142009	719848
C:	7	0	28	1	142007	720348
C:	7	0	28	1	142003	720848
C:	7	0	28	1	141999	721348
C:	7	0	28	1	141995	721848
C:	7	0	28	1	141993	722348
C:	7	0	28	1	141990	722848
C:	7	0	28	1	141986	723348
C:	7	0	28	1	141982	723848
C:	7	0	28	1	141978	724348
C:	7	0	28	1	141976	724848
C:	7	0	28	1	141972	725348
C:	7	0	28	1	141968	725848
C:	7	0	28	1	141962	726348
C:	7	0	28	1	141959	726848
C:	7	0	28	1	141957	727348
C:	7	0	28	1	141952	727848
C:	7	0	28	1	141949	728348
C:	7	0	28	1	141946	728848
C:	7	0	28	1	141943	729348
C:	7	0	28	1	141941	729848
C:	7	0	28	1	141933	730848
C:	7	0	28	1	141929	731348
C:	7	0	28	1	141925	731848
C:	7	0	28	1	141922	732348
C:	7	0	28	1	141920	732848
C:	7	0	28	1	141916	733348
C:	7	0	28	1	141913	733848
C:	7	0	28	1	141908	734348
C:	7	0	28	1	141905	734848
C:	7	0	28	1	141904	735348
C:	7	0	28	1	141902	735848
C:	7	0	28	1	141898	736348
C:	7	0	28	1	141897	736848
C:	7	0	28	1	141892	737348
C:	7	0	28	1	141888	737848
C:	7	0	28	1	141888	738348
C:	7	0	28	1	141884	738848
C:	7	0	28	1	141880	739348
C:	7	0	28	1	141876	739848
C:	7	0	28	1	141871	740348
C:	7	0	28	1	141871	740848
C:	7	0	28	1	141869	741348
C:	7	0	28	1	141866	741848
C:	7	0	28	1	141863	742348
C:	7	0	28	1	141861	742848
C:	7	0	28	1	141858	743348
C:	7	0	28	1	141853	743848
C:	7	0	28	1	141853	744348
C:	7	0	28	1	141849	744848
C:	7	0	28	1	141845	745348
C:	7	0	28	1	141844	745848
C:	7	0	28	1	141840	746348
C:	7	0	28	1	141838	746848
C:	7	0	28	1	141837	747348
C:	7	0	28	1	141834	747848
C:	7	0	28	1	141830	748348
C:	7	0	28	1	141826	748848
C:	7	0	28	1	141824	749348
C:	7	0	28	1	141823	749848
C:	7	0	28	1	141817	750348
C:	7	0	28	1	141816	750848
C:	7	0	28	1	141812	751348
C:	7	0	28	1	141812	751848
C:	7	0	28	1	141808	752348
C:	7	0	28	1	141806	752848
C:	7	0	28	1	141805	753348
C:	7	0	28	1	141802	753848
C:	7	0	28	1	141801	754348
C:	7	0	28	1	141798	754848
C:	7	0	28	1	141794	755348
C:	7	0	28	1	141791	755848
C:	7	0	28	1	141788	756348
C:	7	0	28	1	141787	756848
C:	7	0	28	1	141782	757348
C:	7	0	28	1	141779	757848
C:	7	0	28	1	141776	758348
C:	7	0	28	1	141776	758849
C:	7	0	28	1	141772	759349
C:	7	0	28	1	141770	759850
C:	7	0	28	1	141767	760350
C:	7	0	28	1	141766	760851
C:	7	0	28	1	141762	761351
C:	7	0	28	1	141760	761852
C:	7	0	28	1	141759	762352
C:	7	0	28	1	141757	762853
C:	7	0	28	1	141755	763353
C:	7	0	28	1	141753	763854
C:	7	0	28	1	141749	764354
C:	7	0	28	1	141747	764855
C:	7	0	28	1	141742	765856
C:	7	0	28	1	141740	766356
C:	7	0	28	1	141738	766857
C:	7	0	28	1	141735	767357
C:	7	0	28	1	141733	767858
C:	7	0	28	1	141730	768358
C:	7	0	28	1	141729	768859
C:	7	0	28	1	141726	769359
C:	7	0	28	1	141722	769860
C:	7	0	28	1	141721	770360
C:	7	0	28	1	141720	770861
C:	7	0	28	1	141716	771361
C:	7	0	28	1	141715	771862
C:	7	0	28	1	141712	772362
C:	7	0	28	1	141711	772863
C:	7	0	28	1	141708	773363
C:	7	0	28	1	141707	773864
C:	7	0	28	1	141705	774364
C:	7	0	28	1	141703	774865
C:	7	0	28	1	141700	775365
C:	7	0	28	1	141700	775866
C:	7	0	28	1	141695	776366
C:	7	0	28	1	141692	776867
C:	7	0	28	1	141688	777367
C:	7	0	28	1	141688	777868
C:	7	0	28	1	141685	778368
C:	7	0	28	1	141684	778869
C:	7	0	28	1	141682	779369
C:	7	0	28	1	141680	779870
C:	7	0	28	1	141678	780370
C:	7	0	28	1	141674	780871
C:	7	0	28	1	141674	781371
C:	7	0	28	1	141670	781872
C:	7	0	28	1	141667	782372
C:	7	0	28	1	141665	782873
C:	7	0	28	1	141666	783373
C:	7	0	28	1	141665	783874
C:	7	0	28	1	141664	784374
C:	7	0	28	1	141660	784875
C:	7	0	28	1	141659	785375
C:	7	0	28	1	141656	785876
C:	7	0	28	1	141654	786376
C:	7	0	28	1	141650	786877
C:	7	0	28	1	141652	787377
C:	7	0	28	1	141648	787878
C:	7	0	28	1	141648	788378
C:	7	0	28	1	141646	788879
C:	7	0	28	1	141644	789379
C:	7	0	28	1	141641	789880
C:	7	0	28	1	141639	790380
C:	7	0	28	1	141638	790881
C:	7	0	28	1	141635	791381
C:	7	0	28	1	141634	791882
C:	7	0	28	1	141631	792382
C:	7	0	28	1	141630	792883
C:	7	0	28	1	141629	793383
C:	7	0	28	1	141631	793884
C:	7	0	28	1	141625	794384
C:	7	0	28	1	141622	794885
C:	7	0	28	1	141620	795385
C:	7	0	28	1	141619	795886
C:	7	0	28	1	141618	796386
C:	7	0	28	1	141616	796887
C:	7	0	28	1	141613	797387
C:	7	0	28	1	141611	797888
C:	7	0	28	1	141608	798388
C:	7	0	28	1	141604	798889
C:	7	0	28	1	141603	799389
C:	7	0	28	1	141603	799890
C:	7	0	28	1	141597	800390
C:	7	0	28	1	141596	800891
C:	7	0	28	1	141597	801391
C:	7	0	28	1	141595	801892
C:	7	0	28	1	141592	802392
C:	7	0	28	1	141591	802893
C:	7	0	28	1	141588	803393
C:	7	0	28	1	141586	803894
C:	7	0	28	1	141586	804394
C:	7	0	28	1	141586	804895
C:	7	0	28	1	141582	805395
C:	7	0	28	1	141581	805896
C:	7	0	28	1	141581	806396
C:	7	0	28	1	141577	806897
C:	7	0	28	1	141579	807397
C:	7	0	28	1	141574	807898
C:	7	0	28	1	141573	808398
C:	7	0	28	1	141571	808899
C:	7	0	28	1	141569	809399
C:	7	0	28	1	141567	809900
C:	7	0	28	1	141565	810400
C:	7	0	28	1	141566	810901
C:	7	0	28	1	141562	811401
C:	7	0	28	1	141562	811902
C:	7	0	28	1	141559	812402
C:	7	0	28	1	141557	812903
C:	7	0	28	1	141556	813403
C:	7	0	28	1	141556	813904
C:	7	0	28	1	141554	814404
C:	7	0	28	1	141553	814905
C:	7	0	28	1	141552	815405
C:	7	0	28	1	141548	815906
C:	7	0	28	1	141546	816406
C:	7	0	28	1	141543	816906
C:	7	0	28	1	141542	817406
C:	7	0	28	1	141539	817906
C:	7	0	28	1	141540	818406
C:	7	0	28	1	141536	818906
C:	7	0	28	1	141534	819406
C:	7	0	28	1	141535	819906
C:	7	0	28	1	141533	820406
C:	7	0	28	1	141531	820906
C:	7	0	28	1	141529	821406
C:	7	0	28	1	141528	821906
C:	7	0	28	1	141527	822406
C:	7	0	28	1	141526	822906
C:	7	0	28	1	141525	823406
C:	7	0	28	1	141523	823906
C:	7	0	28	1	141519	824906
C:	7	0	28	1	141518	825406
C:	7	0	28	1	141515	825906
C:	7	0	28	1	141513	826406
C:	7	0	28	1	141514	826906
C:	7	0	28	1	141510	827406
C:	7	0	28	1	141509	827906
C:	7	0	28	1	141509	828406
C:	7	0	28	1	141509	828906
C:	7	0	28	1	141504	829406
C:	7	0	28	1	141504	829906
C:	7	0	28	1	141502	830406
C:	7	0	28	1	141501	830906
C:	7	0	28	1	141497	831406
C:	7	0	28	1	141494	831906
C:	7	0	28	1	141491	832406
C:	7	0	28	1	141490	832906
C:	7	0	28	1	141492	833406
C:	7	0	28	1	141489	833906
C:	7	0	28	1	141488	834406
C:	7	0	28	1	141485	834906
C:	7	0	28	1	141483	835406
C:	7	0	28	1	141484	835906
C:	7	0	28	1	141483	836406
C:	7	0	28	1	141479	836906
C:	7	0	28	1	141480	837406
C:	7	0	28	1	141478	837906
C:	7	0	28	1	141475	838406
C:	7	0	28	1	141476	838906
C:	7	0	28	1	141472	839406
C:	7	0	28	1	141473	839906
C:	7	0	28	1	141471	840406
C:	7	0	28	1	141469	840906
C:	7	0	28	1	141467	841406
C:	7	0	28	1	141467	841906
C:	7	0	28	1	141465	842406
C:	7	0	28	1	141463	842906
C:	7	0	28	1	141462	843406
C:	7	0	28	1	141460	843906
C:	7	0	28	1	141458	844406
C:	7	0	28	1	141458	844906
C:	7	0	28	1	141456	845406
C:	7	0	28	1	141457	845906
C:	7	0	28	1	141455	846406
C:	7	0	28	1	141452	846906
C:	7	0	28	1	141453	847406
C:	7	0	28	1	141451	847906
C:	7	0	28	1	141449	848406
C:	7	0	28	1	141448	848906
C:	7	0	28	1	141447	849406
C:	7	0	28	1	141444	849906
C:	7	0	28	1	141442	850406
C:	7	0	28	1	141444	850906
C:	7	0	28	1	141441	851406
C:	7	0	28	1	141440	851906
C:	7	0	28	1	141438	852406
C:	7	0	28	1	141438	852906
C:	7	0	28	1	141437	853406
C:	7	0	28	1	141432	853906
C:	7	0	28	1	141432	854406
C:	7	0	28	1	141431	854906
C:	7	0	28	1	141430	855406
C:	7	0	28	1	141427	855906
C:	7	0	28	1	141428	856406
C:	7	0	28	1	141425	856906
C:	7	0	28	1	141424	857406
C:	7	0	28	1	141421	857906
C:	7	0	28	1	141423	858406
C:	7	0	28	1	141422	858906
C:	7	0	28	1	141418	859406
C:	7	0	28	1	141420	859906
C:	7	0	28	1	141415	860406
C:	7	0	28	1	141413	860906
C:	7	0	28	1	141413	861406
C:	7	0	28	1	141413	861906
C:	7	0	28	1	141411	862406
C:	7	0	28	1	141409	862906
C:	7	0	28	1	141407	863406
C:	7	0	28	1	141405	863906
C:	7	0	28	1	141405	864406
C:	7	0	28	1	141402	864906
C:	7	0	28	1	141401	865406
C:	7	0	28	1	141401	865906
C:	7	0	28	1	141399	866406
C:	7	0	28	1	141399	866906
C:	7	0	28	1	141398	867406
C:	7	0	28	1	141397	867906
C:	7	0	28	1	141394	868406
C:	7	0	28	1	141395	868906
C:	7	0	28	1	141390	869406
C:	7	0	28	1	141388	870406
C:	7	0	28	1	141389	870906
C:	7	0	28	1	141387	871406
C:	7	0	28	1	141385	871906
C:	7	0	28	1	141385	872406
C:	7	0	28	1	141383	873406
C:	7	0	28	1	141382	873906
C:	7	0	28	1	141382	874406
C:	7	0	28	1	141381	874906
C:	7	0	28	1	141380	875406
C:	7	0	28	1	141378	875906
C:	7	0	28	1	141376	876406
C:	7	0	28	1	141374	876906
C:	7	0	28	1	141375	877406
C:	7	0	28	1	141374	877906
C:	7	0	28	1	141372	878406
C:	7	0	28	1	141371	878906
C:	7	0	28	1	141370	879406
C:	7	0	28	1	141369	879906
C:	7	0	28	1	141366	880406
C:	7	0	28	1	141366	880906
C:	7	0	28	1	141364	881406
C:	7	0	28	1	141364	881906
C:	7	0	28	1	141364	882406
C:	7	0	28	1	141361	882906
C:	7	0	28	1	141358	883406
C:	7	0	28	1	141360	883906
C:	7	0	28	1	141358	884406
C:	7	0	28	1	141358	884906
C:	7	0	28	1	141356	885406
C:	7	0	28	1	141356	885906
C:	7	0	28	1	141352	886406
C:	7	0	28	1	141352	886906
C:	7	0	28	1	141349	887406
C:	7	0	28	1	141350	887906
C:	7	0	28	1	141348	888406
C:	7	0	28	1	141347	888906
C:	7	0	28	1	141343	889406
C:	7	0	28	1	141342	889906
C:	7	0	28	1	141341	890406
C:	7	0	28	1	141342	890906
C:	7	0	28	1	141341	891406
C:	7	0	28	1	141339	891906
C:	7	0	28	1	141337	892406
C:	7	0	28	1	141335	892906
C:	7	0	28	1	141336	893406
C:	7	0	28	1	141332	893906
C:	7	0	28	1	141334	894406
C:	7	0	28	1	141332	894906
C:	7	0	28	1	141332	895406
C:	7	0	28	1	141329	895906
C:	7	0	28	1	141329	896406
C:	7	0	28	1	141329	896906
C:	7	0	28	1	141327	897406
C:	7	0	28	1	141327	897906
C:	7	0	28	1	141324	898406
C:	7	0	28	1	141323	898906
C:	7	0	28	1	141323	899406
C:	7	0	28	1	141321	899906
C:	7	0	28	1	141319	900406
C:	7	0	28	1	141317	900906
C:	7	0	28	1	141316	901406
C:	7	0	28	1	141315	901906
C:	7	0	28	1	141313	902406
C:	7	0	28	1	141312	902906
C:	7	0	28	1	141312	903406
C:	7	0	28	1	141310	903906
C:	7	0	28	1	141310	904406
C:	7	0	28	1	141308	904906
C:	7	0	28	1	141309	905406
C:	7	0	28	1	141309	905906
C:	7	0	28	1	141307	906406
C:	7	0	28	1	141306	906906
C:	7	0	28	1	141303	907406
C:	7	0	28	1	141302	907906
C:	7	0	28	1	141300	908406
C:	7	0	28	1	141299	908906
C:	7	0	28	1	141299	909406
C:	7	0	28	1	141299	909906
C:	7	0	28	1	141296	910406
C:	7	0	28	1	141295	910906
C:	7	0	28	1	141295	911406
C:	7	0	28	1	141295	911906
C:	7	0	28	1	141296	912406
C:	7	0	28	1	141289	912906
C:	7	0	28	1	141288	913406
C:	7	0	28	1	141289	913906
C:	7	0	28	1	141290	914406
C:	7	0	28	1	141287	914906
C:	7	0	28	1	141286	915406
C:	7	0	28	1	141286	915906
C:	7	0	28	1	141285	916406
C:	7	0	28	1	141284	916906
C:	7	0	28	1	141283	917406
C:	7	0	28	1	141281	917906
C:	7	0	28	1	141280	918406
C:	7	0	28	1	141280	918906
C:	7	0	28	1	141279	919406
C:	7	0	28	1	141276	919906
C:	7	0	28	1	141276	920406
C:	7	0	28	1	141274	920906
C:	7	0	28	1	141274	921406
C:	7	0	28	1	141272	921906
C:	7	0	28	1	141271	922406
C:	7	0	28	1	141271	922906
C:	7	0	28	1	141268	923406
C:	7	0	28	1	141268	923906
C:	7	0	28	1	141266	924406
C:	7	0	28	1	141264	924906
C:	7	0	28	1	141265	925406
C:	7	0	28	1	141265	925906
C:	7	0	28	1	141262	926406
C:	7	0	28	1	141262	926906
C:	7	0	28	1	141261	927406
C:	7	0	28	1	141262	927906
C:	7	0	28	1	141262	928406
C:	7	0	28	1	141259	928906
C:	7	0	28	1	141258	929406
C:	7	0	28	1	141253	930406
C:	7	0	28	1	141254	930906
C:	7	0	28	1	141252	931406
C:	7	0	28	1	141250	931906
C:	7	0	28	1	141251	932406
C:	7	0	28	1	141248	932906
C:	7	0	28	1	141249	933406
C:	7	0	28	1	141247	933906
C:	7	0	28	1	141248	934406
C:	7	0	28	1	141246	934906
C:	7	0	28	1	141245	935406
C:	7	0	28	1	141244	935906
C:	7	0	28	1	141244	936406
C:	7	0	28	1	141243	936906
C:	7	0	28	1	141240	937406
C:	7	0	28	1	141240	937906
C:	7	0	28	1	141238	938406
C:	7	0	28	1	141236	938906
C:	7	0	28	1	141235	939406
C:	7	0	28	1	141238	939906
C:	7	0	28	1	141234	940406
C:	7	0	28	1	141233	940906
C:	7	0	28	1	141232	941406
C:	7	0	28	1	141233	941906
C:	7	0	28	1	141229	942406
C:	7	0	28	1	141227	942906
C:	7	0	28	1	141226	943406
C:	7	0	28	1	141226	943906
C:	7	0	28	1	141226	944406
C:	7	0	28	1	141225	944906
C:	7	0	28	1	141225	945406
C:	7	0	28	1	141221	945906
C:	7	0	28	1	141219	946406
C:	7	0	28	1	141221	946906
C:	7	0	28	1	141219	947406
C:	7	0	28	1	141218	948406
C:	7	0	28	1	141220	948906
C:	7	0	28	1	141218	949406
C:	7	0	28	1	141216	949906
C:	7	0	28	1	141214	950406
C:	7	0	28	1	141214	950906
C:	7	0	28	1	141212	951406
C:	7	0	28	1	141212	951906
C:	7	0	28	1	141210	952406
C:	7	0	28	1	141209	952906
C:	7	0	28	1	141207	953406
C:	7	0	28	1	141206	953906
C:	7	0	28	1	141205	954406
C:	7	0	28	1	141207	954906
C:	7	0	28	1	141207	955406
C:	7	0	28	1	141205	955906
C:	7	0	28	1	141205	956406
C:	7	0	28	1	141203	956906
C:	7	0	28	1	141203	957406
C:	7	0	28	1	141201	957906
C:	7	0	28	1	141199	958406
C:	7	0	28	1	141199	958906
C:	7	0	28	1	141197	959406
C:	7	0	28	1	141199	959906
C:	7	0	28	1	141196	960406
C:	7	0	28	1	141195	960906
C:	7	0	28	1	141194	961406
C:	7	0	28	1	141193	961906
C:	7	0	28	1	141192	962406
C:	7	0	28	1	141190	962906
C:	7	0	28	1	141190	963406
C:	7	0	28	1	141191	963906
C:	7	0	28	1	141188	964406
C:	7	0	28	1	141188	964906
C:	7	0	28	1	141188	965406
C:	7	0	28	1	141187	965906
C:	7	0	28	1	141183	966406
C:	7	0	28	1	141183	966906
C:	7	0	28	1	141185	967406
C:	7	0	28	1	141178	967906
C:	7	0	28	1	141180	968406
C:	7	0	28	1	141177	968906
C:	7	0	28	1	141179	969406
C:	7	0	28	1	141178	969906
C:	7	0	28	1	141178	970406
C:	7	0	28	1	141175	970906
C:	7	0	28	1	141174	971406
C:	7	0	28	1	141174	971906
C:	7	0	28	1	141174	972406
C:	7	0	28	1	141172	972906
C:	7	0	28	1	141172	973406
C:	7	0	28	1	141171	973906
C:	7	0	28	1	141169	974406
C:	7	0	28	1	141167	974906
C:	7	0	28	1	141168	975406
C:	7	0	28	1	141164	975906
C:	7	0	28	1	141167	976406
C:	7	0	28	1	141166	976906
C:	7	0	28	1	141165	977406
C:	7	0	28	1	141163	977906
C:	7	0	28	1	141164	978406
C:	7	0	28	1	141162	978906
C:	7	0	28	1	141162	979406
C:	7	0	28	1	141162	979906
C:	7	0	28	1	141161	980406
C:	7	0	28	1	141160	980906
C:	7	0	28	1	141160	981406
C:	7	0	28	1	141159	981906
