Terminal ready
m
H:	6	2	28	29	2560	257000
H:	6	2	29	29	2560	257000
C:	7	0	28	0	5	257113
C:	7	0	28	1	446	257113
C:	7	0	28	2	0	257113
C:	7	0	28	3	2	257113
C:	7	0	28	4	292415689	257113
C:	7	0	28	11	5800632	257113
C:	7	0	28	12	4009135	257113
C:	7	0	28	13	14459869	257113
C:	7	0	28	14	1893096	257113
C:	7	0	29	0	-12	257110
C:	7	0	29	1	397	257110
C:	7	0	29	2	1131	257110
C:	7	0	29	3	-4	257110
C:	7	0	29	4	359106987	257110
C:	7	0	29	11	6074040	257110
C:	7	0	29	12	3359614	257110
C:	7	0	29	13	14802291	257110
C:	7	0	29	14	1486598	257110
C:	7	0	28	0	1	257613
C:	7	0	28	1	444	257613
C:	7	0	28	2	0	257613
C:	7	0	28	3	0	257613
C:	7	0	28	4	292534994	257613
C:	7	0	28	11	5800632	257613
C:	7	0	28	12	4009135	257613
C:	7	0	28	13	14459869	257613
C:	7	0	28	14	1893096	257613
C:	7	0	29	0	-9	257610
C:	7	0	29	1	396	257610
C:	7	0	29	2	1131	257610
C:	7	0	29	3	-3	257610
C:	7	0	29	4	358987682	257610
C:	7	0	29	11	6074040	257610
C:	7	0	29	12	3359614	257610
C:	7	0	29	13	14802291	257610
C:	7	0	29	14	1486598	257610
H:	6	2	28	29	2560	258000
H:	6	2	29	29	2560	258000
C:	7	0	28	0	-2	258113
C:	7	0	28	1	445	258113
C:	7	0	28	2	0	258113
C:	7	0	28	3	0	258113
C:	7	0	28	4	292892908	258113
C:	7	0	28	11	5800632	258113
C:	7	0	28	12	4009135	258113
C:	7	0	28	13	14459869	258113
C:	7	0	28	14	1893096	258113
C:	7	0	29	0	-10	258110
C:	7	0	29	1	397	258110
C:	7	0	29	2	1131	258110
C:	7	0	29	3	-3	258110
C:	7	0	29	4	358749073	258110
C:	7	0	29	11	6074040	258110
C:	7	0	29	12	3359614	258110
C:	7	0	29	13	14802291	258110
C:	7	0	29	14	1486598	258110
C:	7	0	28	0	-2	258613
C:	7	0	28	1	446	258613
C:	7	0	28	2	0	258613
C:	7	0	28	3	0	258613
C:	7	0	28	4	293131517	258613
C:	7	0	28	11	5800632	258613
C:	7	0	28	12	4009135	258613
C:	7	0	28	13	14459869	258613
C:	7	0	28	14	1893096	258613
C:	7	0	29	0	-11	258610
C:	7	0	29	1	397	258610
C:	7	0	29	2	1131	258610
C:	7	0	29	3	-4	258610
C:	7	0	29	4	358629768	258610
C:	7	0	29	11	6074040	258610
C:	7	0	29	12	3359614	258610
C:	7	0	29	13	14802291	258610
C:	7	0	29	14	1486598	258610
H:	6	2	28	29	2560	259000
H:	6	2	29	29	2560	259000
C:	7	0	28	0	-3	259113
C:	7	0	28	1	446	259113
C:	7	0	28	2	0	259113
C:	7	0	28	3	-1	259113
C:	7	0	28	4	293489431	259113
C:	7	0	28	11	5800632	259113
C:	7	0	28	12	4009135	259113
C:	7	0	28	13	14459869	259113
C:	7	0	28	14	1893096	259113
C:	7	0	29	0	-8	259110
C:	7	0	29	1	397	259110
C:	7	0	29	2	1131	259110
C:	7	0	29	3	-3	259110
C:	7	0	29	4	358629768	259110
C:	7	0	29	11	6074040	259110
C:	7	0	29	12	3359614	259110
C:	7	0	29	13	14802291	259110
C:	7	0	29	14	1486598	259110
C:	7	0	28	0	-4	259613
C:	7	0	28	1	446	259613
C:	7	0	28	2	0	259613
C:	7	0	28	3	-1	259613
C:	7	0	28	4	293608736	259613
C:	7	0	28	11	5800632	259613
C:	7	0	28	12	4009135	259613
C:	7	0	28	13	14459869	259613
C:	7	0	28	14	1893096	259613
C:	7	0	29	0	-4	259610
C:	7	0	29	1	396	259610
C:	7	0	29	2	1131	259610
C:	7	0	29	3	-1	259610
C:	7	0	29	4	358510464	259610
C:	7	0	29	11	6074040	259610
C:	7	0	29	12	3359614	259610
C:	7	0	29	13	14802291	259610
C:	7	0	29	14	1486598	259610
H:	6	2	28	29	2560	260000
H:	6	2	29	29	2560	260000
C:	7	0	28	0	-1	260113
C:	7	0	28	1	444	260113
C:	7	0	28	2	0	260113
C:	7	0	28	3	0	260113
C:	7	0	28	4	293966650	260113
C:	7	0	28	11	5800632	260113
C:	7	0	28	12	4009135	260113
C:	7	0	28	13	14459869	260113
C:	7	0	28	14	1893096	260113
C:	7	0	29	0	-6	260110
C:	7	0	29	1	398	260110
C:	7	0	29	2	1131	260110
C:	7	0	29	3	-2	260110
C:	7	0	29	4	358510464	260110
C:	7	0	29	11	6074040	260110
C:	7	0	29	12	3359614	260110
C:	7	0	29	13	14802291	260110
C:	7	0	29	14	1486598	260110
C:	7	0	28	0	0	260613
C:	7	0	28	1	446	260613
C:	7	0	28	2	0	260613
C:	7	0	28	3	0	260613
C:	7	0	28	4	294205259	260613
C:	7	0	28	11	5800632	260613
C:	7	0	28	12	4009135	260613
C:	7	0	28	13	14459869	260613
C:	7	0	28	14	1893096	260613
C:	7	0	29	0	-8	260610
C:	7	0	29	1	397	260610
C:	7	0	29	2	1131	260610
C:	7	0	29	3	-3	260610
C:	7	0	29	4	358629768	260610
C:	7	0	29	11	6074040	260610
C:	7	0	29	12	3359614	260610
C:	7	0	29	13	14802291	260610
C:	7	0	29	14	1486598	260610
H:	6	2	28	29	2560	261000
H:	6	2	29	29	2560	261000
C:	7	0	28	0	1	261113
C:	7	0	28	1	447	261113
C:	7	0	28	2	0	261113
C:	7	0	28	3	0	261113
C:	7	0	28	4	294443868	261113
C:	7	0	28	11	5800632	261113
C:	7	0	28	12	4009135	261113
C:	7	0	28	13	14459869	261113
C:	7	0	28	14	1893096	261113
C:	7	0	29	0	-4	261110
C:	7	0	29	1	396	261110
C:	7	0	29	2	1131	261110
C:	7	0	29	3	-1	261110
C:	7	0	29	4	358629768	261110
C:	7	0	29	11	6074040	261110
C:	7	0	29	12	3359614	261110
C:	7	0	29	13	14802291	261110
C:	7	0	29	14	1486598	261110
C:	7	0	28	0	0	261613
C:	7	0	28	1	446	261613
C:	7	0	28	2	0	261613
C:	7	0	28	3	0	261613
C:	7	0	28	4	294563173	261613
C:	7	0	28	11	5800632	261613
C:	7	0	28	12	4009135	261613
C:	7	0	28	13	14459869	261613
C:	7	0	28	14	1893096	261613
C:	7	0	29	0	-3	261610
C:	7	0	29	1	396	261610
C:	7	0	29	2	1131	261610
C:	7	0	29	3	-1	261610
C:	7	0	29	4	358749073	261610
C:	7	0	29	11	6074040	261610
C:	7	0	29	12	3359614	261610
C:	7	0	29	13	14802291	261610
C:	7	0	29	14	1486598	261610
H:	6	2	28	29	2560	262000
H:	6	2	29	29	2560	262000
C:	7	0	28	0	3	262113
C:	7	0	28	1	448	262113
C:	7	0	28	2	0	262113
C:	7	0	28	3	1	262113
C:	7	0	28	4	294563173	262113
C:	7	0	28	11	5800632	262113
C:	7	0	28	12	4009135	262113
C:	7	0	28	13	14459869	262113
C:	7	0	28	14	1893096	262113
C:	7	0	29	0	-8	262110
C:	7	0	29	1	396	262110
C:	7	0	29	2	1131	262110
C:	7	0	29	3	-3	262110
C:	7	0	29	4	358749073	262110
C:	7	0	29	11	6074040	262110
C:	7	0	29	12	3359614	262110
C:	7	0	29	13	14802291	262110
C:	7	0	29	14	1486598	262110
C:	7	0	28	0	0	262613
C:	7	0	28	1	445	262613
C:	7	0	28	2	0	262613
C:	7	0	28	3	0	262613
C:	7	0	28	4	294682477	262613
C:	7	0	28	11	5800632	262613
C:	7	0	28	12	4009135	262613
C:	7	0	28	13	14459869	262613
C:	7	0	28	14	1893096	262613
C:	7	0	29	0	-3	262610
C:	7	0	29	1	397	262610
C:	7	0	29	2	1131	262610
C:	7	0	29	3	-1	262610
C:	7	0	29	4	358749073	262610
C:	7	0	29	11	6074040	262610
C:	7	0	29	12	3359614	262610
C:	7	0	29	13	14802291	262610
C:	7	0	29	14	1486598	262610
H:	6	2	28	29	2560	263000
H:	6	2	29	29	2560	263000
C:	7	0	28	0	1	263113
C:	7	0	28	1	446	263113
C:	7	0	28	2	0	263113
C:	7	0	28	3	0	263113
C:	7	0	28	4	294921087	263113
C:	7	0	28	11	5800632	263113
C:	7	0	28	12	4009135	263113
C:	7	0	28	13	14459869	263113
C:	7	0	28	14	1893096	263113
C:	7	0	29	0	-6	263110
C:	7	0	29	1	398	263110
C:	7	0	29	2	1131	263110
C:	7	0	29	3	-2	263110
C:	7	0	29	4	358749073	263110
C:	7	0	29	11	6074040	263110
C:	7	0	29	12	3359614	263110
C:	7	0	29	13	14802291	263110
C:	7	0	29	14	1486598	263110
C:	7	0	28	0	-1	263613
C:	7	0	28	1	447	263613
C:	7	0	28	2	0	263613
C:	7	0	28	3	0	263613
C:	7	0	28	4	295040391	263613
C:	7	0	28	11	5800632	263613
C:	7	0	28	12	4009135	263613
C:	7	0	28	13	14459869	263613
C:	7	0	28	14	1893096	263613
C:	7	0	29	0	-4	263610
C:	7	0	29	1	397	263610
C:	7	0	29	2	1131	263610
C:	7	0	29	3	-1	263610
C:	7	0	29	4	358749073	263610
C:	7	0	29	11	6074040	263610
C:	7	0	29	12	3359614	263610
C:	7	0	29	13	14802291	263610
C:	7	0	29	14	1486598	263610
H:	6	2	28	29	2560	264000
H:	6	2	29	29	2560	264000
C:	7	0	28	0	-1	264113
C:	7	0	28	1	447	264113
C:	7	0	28	2	0	264113
C:	7	0	28	3	0	264113
C:	7	0	28	4	295398305	264113
C:	7	0	28	11	5800632	264113
C:	7	0	28	12	4009135	264113
C:	7	0	28	13	14459869	264113
C:	7	0	28	14	1893096	264113
C:	7	0	29	0	-7	264110
C:	7	0	29	1	397	264110
C:	7	0	29	2	1131	264110
C:	7	0	29	3	-2	264110
C:	7	0	29	4	358749073	264110
C:	7	0	29	11	6074040	264110
C:	7	0	29	12	3359614	264110
C:	7	0	29	13	14802291	264110
C:	7	0	29	14	1486598	264110
C:	7	0	28	0	-1	264613
C:	7	0	28	1	447	264613
C:	7	0	28	2	0	264613
C:	7	0	28	3	0	264613
C:	7	0	28	4	295756219	264613
C:	7	0	28	11	5800632	264613
C:	7	0	28	12	4009135	264613
C:	7	0	28	13	14459869	264613
C:	7	0	28	14	1893096	264613
C:	7	0	29	0	-3	264610
C:	7	0	29	1	395	264610
C:	7	0	29	2	1131	264610
C:	7	0	29	3	-1	264610
C:	7	0	29	4	358868378	264610
C:	7	0	29	11	6074040	264610
C:	7	0	29	12	3359614	264610
C:	7	0	29	13	14802291	264610
C:	7	0	29	14	1486598	264610
H:	6	2	28	29	2560	265000
H:	6	2	29	29	2560	265000
C:	7	0	28	0	-1	265113
C:	7	0	28	1	445	265113
C:	7	0	28	2	0	265113
C:	7	0	28	3	0	265113
C:	7	0	28	4	295994829	265113
C:	7	0	28	11	5800632	265113
C:	7	0	28	12	4009135	265113
C:	7	0	28	13	14459869	265113
C:	7	0	28	14	1893096	265113
C:	7	0	29	0	-5	265110
C:	7	0	29	1	397	265110
C:	7	0	29	2	1131	265110
C:	7	0	29	3	-1	265110
C:	7	0	29	4	358868378	265110
C:	7	0	29	11	6074040	265110
C:	7	0	29	12	3359614	265110
C:	7	0	29	13	14802291	265110
C:	7	0	29	14	1486598	265110
C:	7	0	28	0	2	265613
C:	7	0	28	1	446	265613
C:	7	0	28	2	0	265613
C:	7	0	28	3	0	265613
C:	7	0	28	4	296352743	265613
C:	7	0	28	11	5800632	265613
C:	7	0	28	12	4009135	265613
C:	7	0	28	13	14459869	265613
C:	7	0	28	14	1893096	265613
C:	7	0	29	0	-4	265610
C:	7	0	29	1	398	265610
C:	7	0	29	2	1131	265610
C:	7	0	29	3	-1	265610
C:	7	0	29	4	358868378	265610
C:	7	0	29	11	6074040	265610
C:	7	0	29	12	3359614	265610
C:	7	0	29	13	14802291	265610
C:	7	0	29	14	1486598	265610
H:	6	2	28	29	2560	266000
H:	6	2	29	29	2560	266000
C:	7	0	28	0	-6	266113
C:	7	0	28	1	446	266113
C:	7	0	28	2	0	266113
C:	7	0	28	3	-2	266113
C:	7	0	28	4	296352743	266113
C:	7	0	28	11	5800632	266113
C:	7	0	28	12	4009135	266113
C:	7	0	28	13	14459869	266113
C:	7	0	28	14	1893096	266113
C:	7	0	29	0	-9	266110
C:	7	0	29	1	397	266110
C:	7	0	29	2	1131	266110
C:	7	0	29	3	-3	266110
C:	7	0	29	4	358749073	266110
C:	7	0	29	11	6074040	266110
C:	7	0	29	12	3359614	266110
C:	7	0	29	13	14802291	266110
C:	7	0	29	14	1486598	266110
C:	7	0	28	0	0	266613
C:	7	0	28	1	446	266613
C:	7	0	28	2	0	266613
C:	7	0	28	3	0	266613
C:	7	0	28	4	296710656	266613
C:	7	0	28	11	5800632	266613
C:	7	0	28	12	4009135	266613
C:	7	0	28	13	14459869	266613
C:	7	0	28	14	1893096	266613
C:	7	0	29	0	-3	266610
C:	7	0	29	1	399	266610
C:	7	0	29	2	1131	266610
C:	7	0	29	3	-1	266610
C:	7	0	29	4	358749073	266610
C:	7	0	29	11	6074040	266610
C:	7	0	29	12	3359614	266610
C:	7	0	29	13	14802291	266610
C:	7	0	29	14	1486598	266610
H:	6	2	28	29	2560	267000
H:	6	2	29	29	2560	267000
C:	7	0	28	0	-1	267113
C:	7	0	28	1	446	267113
C:	7	0	28	2	0	267113
C:	7	0	28	3	0	267113
C:	7	0	28	4	297068570	267113
C:	7	0	28	11	5800632	267113
C:	7	0	28	12	4009135	267113
C:	7	0	28	13	14459869	267113
C:	7	0	28	14	1893096	267113
C:	7	0	29	0	-5	267110
C:	7	0	29	1	398	267110
C:	7	0	29	2	1131	267110
C:	7	0	29	3	-1	267110
C:	7	0	29	4	358749073	267110
C:	7	0	29	11	6074040	267110
C:	7	0	29	12	3359614	267110
C:	7	0	29	13	14802291	267110
C:	7	0	29	14	1486598	267110
C:	7	0	28	0	-2	267613
C:	7	0	28	1	444	267613
C:	7	0	28	2	0	267613
C:	7	0	28	3	0	267613
C:	7	0	28	4	297426484	267613
C:	7	0	28	11	5800632	267613
C:	7	0	28	12	4009135	267613
C:	7	0	28	13	14459869	267613
C:	7	0	28	14	1893096	267613
C:	7	0	29	0	-7	267610
C:	7	0	29	1	398	267610
C:	7	0	29	2	1131	267610
C:	7	0	29	3	-2	267610
C:	7	0	29	4	358868378	267610
C:	7	0	29	11	6074040	267610
C:	7	0	29	12	3359614	267610
C:	7	0	29	13	14802291	267610
C:	7	0	29	14	1486598	267610
H:	6	2	28	29	2560	268000
H:	6	2	29	29	2560	268000
C:	7	0	28	0	1	268113
C:	7	0	28	1	448	268113
C:	7	0	28	2	0	268113
C:	7	0	28	3	0	268113
C:	7	0	28	4	297665094	268113
C:	7	0	28	11	5800632	268113
C:	7	0	28	12	4009135	268113
C:	7	0	28	13	14459869	268113
C:	7	0	28	14	1893096	268113
C:	7	0	29	0	-4	268110
C:	7	0	29	1	399	268110
C:	7	0	29	2	1131	268110
C:	7	0	29	3	-1	268110
C:	7	0	29	4	358868378	268110
C:	7	0	29	11	6074040	268110
C:	7	0	29	12	3359614	268110
C:	7	0	29	13	14802291	268110
C:	7	0	29	14	1486598	268110
C:	7	0	28	0	1	268613
C:	7	0	28	1	446	268613
C:	7	0	28	2	0	268613
C:	7	0	28	3	0	268613
C:	7	0	28	4	297903703	268613
C:	7	0	28	11	5800632	268613
C:	7	0	28	12	4009135	268613
C:	7	0	28	13	14459869	268613
C:	7	0	28	14	1893096	268613
C:	7	0	29	0	-1	268610
C:	7	0	29	1	400	268610
C:	7	0	29	2	1131	268610
C:	7	0	29	3	0	268610
C:	7	0	29	4	358987682	268610
C:	7	0	29	11	6074040	268610
C:	7	0	29	12	3359614	268610
C:	7	0	29	13	14802291	268610
C:	7	0	29	14	1486598	268610
H:	6	2	28	29	2560	269000
H:	6	2	29	29	2560	269000
C:	7	0	28	0	-5	269113
C:	7	0	28	1	445	269113
C:	7	0	28	2	0	269113
C:	7	0	28	3	-2	269113
C:	7	0	28	4	298142312	269113
C:	7	0	28	11	5800632	269113
C:	7	0	28	12	4009135	269113
C:	7	0	28	13	14459869		269113
C:	7	0	28	14	1893096	269113
C:	7	0	29	0	-3	269110
C:	7	0	29	1	397	269110
C:	7	0	29	2	1131	269110
C:	7	0	29	3	-1	269110
C:	7	0	29	4	359226291	269110
C:	7	0	29	11	6074040	269110
C:	7	0	29	12	3359614	269110
C:	7	0	29	13	14802291	269110
C:	7	0	29	14	1486598	269110
C:	7	0	28	0	-1	269613
C:	7	0	28	1	446	269613
C:	7	0	28	2	0	269613
C:	7	0	28	3	0	269613
C:	7	0	28	4	298261617	269613
C:	7	0	28	11	5800632	269613
C:	7	0	28	12	4009135	269613
C:	7	0	28	13	14459869	269613
C:	7	0	28	14	1893096	269613
C:	7	0	29	0	-4	269610
C:	7	0	29	1	398	269610
C:	7	0	29	2	1131	269610
C:	7	0	29	3	-1	269610
C:	7	0	29	4	359584205	269610
C:	7	0	29	11	6074040	269610
C:	7	0	29	12	3359614	269610
C:	7	0	29	13	14802291	269610
C:	7	0	29	14	1486598	269610
H:	6	2	28	29	2560	270000
H:	6	2	29	29	2560	270000
C:	7	0	28	0	-3	270113
C:	7	0	28	1	445	270113
C:	7	0	28	2	0	270113
C:	7	0	28	3	-1	270113
C:	7	0	28	4	298619531	270113
C:	7	0	28	11	5800632	270113
C:	7	0	28	12	4009135	270113
C:	7	0	28	13	14459869	270113
C:	7	0	28	14	1893096	270113
C:	7	0	29	0	-4	270110
C:	7	0	29	1	398	270110
C:	7	0	29	2	1131	270110
C:	7	0	29	3	-1	270110
C:	7	0	29	4	359703510	270110
C:	7	0	29	11	6074040	270110
C:	7	0	29	12	3359614	270110
C:	7	0	29	13	14802291	270110
C:	7	0	29	14	1486598	270110
C:	7	0	28	0	-1	270613
C:	7	0	28	1	445	270613
C:	7	0	28	2	0	270613
C:	7	0	28	3	0	270613
C:	7	0	28	4	298977445	270613
C:	7	0	28	11	5800632	270613
C:	7	0	28	12	4009135	270613
C:	7	0	28	13	14459869	270613
C:	7	0	28	14	1893096	270613
C:	7	0	29	0	-3	270610
C:	7	0	29	1	397	270610
C:	7	0	29	2	1131	270610
C:	7	0	29	3	-1	270610
C:	7	0	29	4	359703510	270610
C:	7	0	29	11	6074040	270610
C:	7	0	29	12	3359614	270610
C:	7	0	29	13	14802291	270610
C:	7	0	29	14	1486598	270610
H:	6	2	28	29	2560	271000
H:	6	2	29	29	2560	271000
C:	7	0	28	0	-2	271113
C:	7	0	28	1	443	271113
C:	7	0	28	2	0	271113
C:	7	0	28	3	0	271113
C:	7	0	28	4	299454663	271113
C:	7	0	28	11	5800632	271113
C:	7	0	28	12	4009135	271113
C:	7	0	28	13	14459869	271113
C:	7	0	28	14	1893096	271113
C:	7	0	29	0	-5	271110
C:	7	0	29	1	397	271110
C:	7	0	29	2	1131	271110
C:	7	0	29	3	-1	271110
C:	7	0	29	4	359822815	271110
C:	7	0	29	11	6074040	271110
C:	7	0	29	12	3359614	271110
C:	7	0	29	13	14802291	271110
C:	7	0	29	14	1486598	271110
C:	7	0	28	0	0	271613
C:	7	0	28	1	443	271613
C:	7	0	28	2	0	271613
C:	7	0	28	3	0	271613
C:	7	0	28	4	299812577	271613
C:	7	0	28	11	5800632	271613
C:	7	0	28	12	4009135	271613
C:	7	0	28	13	14459869	271613
C:	7	0	28	14	1893096	271613
C:	7	0	29	0	-1	271610
C:	7	0	29	1	398	271610
C:	7	0	29	2	1131	271610
C:	7	0	29	3	0	271610
C:	7	0	29	4	360061424	271610
C:	7	0	29	11	6074040	271610
C:	7	0	29	12	3359614	271610
C:	7	0	29	13	14802291	271610
C:	7	0	29	14	1486598	271610
H:	6	2	28	29	2560	272000
H:	6	2	29	29	2560	272000
C:	7	0	28	0	0	272113
C:	7	0	28	1	448	272113
C:	7	0	28	2	0	272113
C:	7	0	28	3	0	272113
C:	7	0	28	4	299812577	272113
C:	7	0	28	11	5800632	272113
C:	7	0	28	12	4009135	272113
C:	7	0	28	13	14459869	272113
C:	7	0	28	14	1893096	272113
C:	7	0	299	0	-3	272110
C:	7	0	29	1	400	272110
C:	7	0	29	2	1131	272110
C:	7	0	29	3	-1	272110
C:	7	0	29	4	360300033	272110
C:	7	0	29	11	6074040	272110
C:	7	0	29	12	3359614	272110
C:	7	0	29	13	14802291	272110
C:	7	0	29	14	1486598	272110
C:	7	0	28	0	-2	272613
C:	7	0	28	1	446	272613
C:	7	0	28	2	0	272613
C:	7	0	28	3	0	272613
C:	7	0	28	4	300289796	272613
C:	7	0	28	11	5800632	272613
C:	7	0	28	12	4009135	272613
C:	7	0	28	13	14459869	272613
C:	7	0	28	14	1893096	272613
C:	7	0	29	0	-4	272610
C:	7	0	29	1	397	272610
C:	7	0	29	2	1131	272610
C:	7	0	29	3	-1	272610
C:	7	0	29	4	360419338	272610
C:	7	0	29	11	6074040	272610
C:	7	0	29	12	3359614	272610
C:	7	0	29	13	14802291	272610
C:	7	0	29	14	1486598	272610
H:	6	2	28	29	2560	273000
H:	6	2	29	29	2560	273000
C:	7	0	28	0	-1	273113
C:	7	0	28	1	445	273113
C:	7	0	28	2	0	273113
C:	7	0	28	3	0	273113
C:	7	0	28	4	300647710	273113
C:	7	0	28	11	5800632	273113
C:	7	0	28	12	4009135	273113
C:	7	0	28	13	14459869	273113
C:	7	0	28	14	1893096	273113
C:	7	0	29	0	-2	273110
C:	7	0	29	1	398	273110
C:	7	0	29	2	1131	273110
C:	7	0	29	3	0	273110
C:	7	0	29	4	360538643	273110
C:	7	0	29	11	6074040	273110
C:	7	0	29	12	3359614	273110
C:	7	0	29	13	14802291	273110
C:	7	0	29	14	1486598	273110
C:	7	0	28	0	3	273613
C:	7	0	28	1	445	273613
C:	7	0	28	2	0	273613
C:	7	0	28	3	1	273613
C:	7	0	28	4	300767014	273613
C:	7	0	28	11	5800632	273613
C:	7	0	28	12	4009135	273613
C:	7	0	28	13	14459869	273613
C:	7	0	28	14	1893096	273613
C:	7	0	29	0	-3	273610
C:	7	0	29	1	399	273610
C:	7	0	29	2	1131	273610
C:	7	0	29	3	-1	273610
C:	7	0	29	4	360538643	273610
C:	7	0	29	11	6074040	273610
C:	7	0	29	12	3359614	273610
C:	7	0	29	13	14802291	273610
C:	7	0	29	14	1486598	273610
H:	6	2	28	29	2560	274000
H:	6	2	29	29	2560	274000
C:	7	0	28	0	3	274113
C:	7	0	28	1	446	274113
C:	7	0	28	2	0	274113
C:	7	0	28	3	1	2741113
C:	7	0	28	4	300767014	274113
C:	7	0	28	11	5800632	274113
C:	7	0	28	12	4009135	274113
C:	7	0	28	13		14459869	274113
C:	7	0	28	14	1893096	274113
C:	7	0	29	0	-5	274110
C:	7	0	29	1	398	274110
C:	7	0	29	2	1131	274110
C:	7	0	29	3	-1	274110
C:	7	0	29	4	360657947	274110
C:	7	0	29	11	6074040	274110
C:	7	0	29	12	3359614	274110
C:	7	0	29	13	14802291	274110
C:	7	0	29	14	1486598	274110
C:	7	0	28	0	5	274613
C:	7	0	28	1	446	274613
C:	7	0	28	2	0	274613
C:	7	0	28	3	2	274613
C:	7	0	28	4	300767014	274613
C:	7	0	28	11	5800632	274613
C:	7	0	28	12	4009135	274613
C:	7	0	28	13	14459869	274613
C:	7	0	28	14	1893096	274613
C:	7	0	29	0	-5	274610
C:	7	0	29	1	398	274610
C:	7	0	29	2	1131	274610
C:	7	0	29	3	-1	274610
C:	7	0	29	4	360896557	274610
C:	7	0	29	11	6074040	274610
C:	7	0	29	12	3359614	274610
C:	7	0	29	13	14802291	274610
C:	7	0	29	14	1486598	274610
H:	6	2	28	29	2560	275000
H:	6	2	29	29	2560	275000
C:	7	0	28	0	4	275113
C:	7	0	28	1	446	275113
C:	7	0	28	2	0	275113
C:	7	0	28	3	1	275113
C:	7	0	28	4	300767014	275113
C:	7	0	28	11	5800632	275113
C:	7	0	28	12	4009135	275113
C:	7	0	28	13	14459869	275113
C:	7	0	28	14	1893096	275113
C:	7	0	29	0	-5	275110
C:	7	0	29	1	399	275110
C:	7	0	29	2	1131	275110
C:	7	0	29	3	-1	275110
C:	7	0	29	4	361015861	275110
C:	7	0	29	11	6074040	275110
C:	7	0	29	12	3359614	275110
C:	7	0	29	13	14802291	275110
C:	7	0	29	14	1486598	275110
C:	7	0	28	0	3	275613
C:	7	0	28	1	447	275613
C:	7	0	28	2	0	275613
C:	7	0	28	3	1	275613
C:	7	0	28	4	300767014	275613
C:	7	0	28	11	5800632	275613
C:	7	0	28	12	4009135	275613
C:	7	0	28	13	14459869	275613
C:	7	0	28	14	1893096	275613
C:	7	0	29	0	-5	275610
C:	7	0	29	1	400	275610
C:	7	0	29	2	1131	275610
C:	7	0	29	3	-2	275610
C:	7	0	29	4	361254470	275610
C:	7	0	29	11	6074040	275610
C:	7	0	29	12	3359614	275610
C:	7	0	29	13	14802291	275610
C:	7	0	29	14	1486598	275610
H:	6	2	28	29	2560	276000
H:	6	2	29	29	2560	276000
C:	7	0	28	0	1	276113
C:	7	0	28	1	445	276113
C:	7	0	28	2	0	276113
C:	7	0	28	3	0	276113
C:	7	0	28	4	300767014	276113
C:	7	0	28	11	5800632	276113
C:	7	0	28	12	4009135	276113
C:	7	0	28	13	14459869	276113
C:	7	0	28	14	1893096	276113
C:	7	0	29	0	-6	276110
C:	7	0	29	1	400	276110
C:	7	0	29	2	1131	276110
C:	7	0	29	3	-2	276110
C:	7	0	29	4	361373775	276110
C:	7	0	29	11	6074040	276110
C:	7	0	29	12	3359614	276110
C:	7	0	29	13	14802291	276110
C:	7	0	29	14	1486598	276110
C:	7	0	28	0	2	276613
C:	7	0	28	1	447	276613
C:	7	0	28	2	0	276613
C:	7	0	28	3	0	276613
C:	7	0	28	4	300767014	276613
C:	7	0	28	11	5800632	276613
C:	7	0	28	12	4009135	276613
C:	7	0	28	13	14459869	276613
C:	7	0	28	14	1893096	276613
C:	7	0	29	0	-6	276610
C:	7	0	29	1	398	276610
C:	7	0	29	2	1131	276610
C:	7	0	29	3	-2	276610
C:	7	0	29	4	361373775	276610
C:	7	0	29	11	6074040	276610
C:	7	0	29	12	3359614	276610
C:	7	0	29	13	14802291	276610
C:	7	0	29	14	1486598	276610
H:	6	2	28	29	2560	277000
H:	6	2	29	29	2560	277000
C:	7	0	28	0	0	277113
C:	7	0	28	1	445	277113
C:	7	0	28	2	0	277113
C:	7	0	28	3	0	277113
C:	7	0	28	4	300767014	277113
C:	7	0	28	11	5800632	277113
C:	7	0	28	12	4009135	277113
C:	7	0	28	113	14459869	277113
C:	7	0	28	14	1893096	277113
C:	7	0	29	0	-4	277110
C:	7	0	29	1	400	277110
C:	7	0	29	2	1131	277110
C:	7	0	29	3	-1	277110
C:	7	0	29	4	361612384	277110
C:	7	0	29	11	6074040	277110
C:	7	0	29	12	3359614	277110
C:	7	0	29	13	14802291	277110
C:	7	0	29	14	1486598	277110
C:	7	0	28	0	5	277613
C:	7	0	28	1	445	277613
C:	7	0	28	2	0	277613
C:	7	0	28	3	2	277613
C:	7	0	28	4	300767014	277613
C:	7	0	28	11	5800632	277613
C:	7	0	28	12	4009135	277613
C:	7	0	28	13	14459869	277613
C:	7	0	28	14	1893096	277613
C:	7	0	29	0	-8	277610
C:	7	0	29	1	401	277610
C:	7	0	29	2	1131	277610
C:	7	0	29	3	-3	277610
C:	7	0	29	4	361612384	277610
C:	7	0	29	11	6074040	277610
C:	7	0	29	12	3359614	277610
C:	7	0	29	13	14802291	277610
C:	7	0	29	14	1486598	277610
H:	6	2	28	29	2560	278000
H:	6	2	29	29	2560	278000
C:	7	0	28	0	4	278113
C:	7	0	28	1	446	278113
C:	7	0	28	2	0	278113
C:	7	0	28	3	1	2781113
C:	7	0	28	4	300767014	278113
C:	7	0	28	11	5800632	278113
C:	7	0	28	12	4009135	278113
C:	7	0	28	13	14459869	278113
C:	7	0	28	14	1893096	278113
C:	7	0	29	0	-4	278110
C:	7	0	29	1	401	278110
C:	7	0	29	2	1131	278110
C:	7	0	29	3	-1	278110
C:	7	0	29	4	361612384	278110
C:	7	0	29	11	6074040	278110
C:	7	0	29	12	3359614	278110
C:	7	0	29	13	14802291	278110
C:	7	0	29	14	1486598	278110
C:	7	0	28	0	6	278613
C:	7	0	28	1	445	278613
C:	7	0	28	2	0	278613
C:	7	0	28	3	2	278613
C:	7	0	28	4	300767014	278613
C:	7	0	28	11	5800632	278613
C:	7	0	28	12	4009135	278613
C:	7	0	28	13	14459869	278613
C:	7	0	28	14	1893096	278613
C:	7	0	29	0	-3	278610
C:	7	0	29	1	401	278610
C:	7	0	29	2	1131	278610
C:	7	0	29	3	-1	278610
C:	7	0	29	4	361731689	278610
C:	7	0	29	11	6074040	278610
C:	7	0	29	12	3359614	278610
C:	7	0	29	13	14802291	278610
C:	7	0	29	14	1486598	278610
H:	6	2	28	29	2560	279000
H:	6	2	29	29	2560	279000
C:	7	0	28	0	4	279113
C:	7	0	28	1	446	279113
C:	7	0	28	2	0	279113
C:	7	0	28	3	1	279113
C:	7	0	28	4	300767014	279113
C:	7	0	28	11	5800632	279113
C:	7	0	28	12	4009135	279113
C:	7	0	28	13	14459869	279113
C:	7	0	28	14	1893096	279113
C:	7	0	29	0	-5	279110
C:	7	0	29	1	401	279110
C:	7	0	29	2	1131	279110
C:	7	0	29	3	-2	279110
C:	7	0	29	4	361731689	279110
C:	7	0	29	11	6074040	279110
C:	7	0	29	12	3359614	279110
C:	7	0	29	13	14802291	279110
C:	7	0	29	14	1486598	279110
C:	7	0	28	0	3	279613
C:	7	0	28	1	447	279613
C:	7	0	28	2	0	279613
C:	7	0	28	3	1	279613
C:	7	0	28	4	300767014	279613
C:	7	0	28	11	5800632	279613
C:	7	0	28	12	4009135	279613
C:	7	0	28	13	14459869	279613
C:	7	0	28	14	1893096	279613
C:	7	0	29	0	-6	279610
C:	7	0	29	1	399	279610
C:	7	0	29	2	1131	279610
C:	7	0	29	3	-2	279610
C:	7	0	29	4	361850994	279610
C:	7	0	29	11	6074040	279610
C:	7	0	29	12	3359614	279610
C:	7	0	29	13	14802291	279610
C:	7	0	29	14	1486598	279610
H:	6	2	28	29	2560	280000
H:	6	2	29	29	2560	280000
C:	7	0	28	0	4	280113
C:	7	0	28	1	447	280113
C:	7	0	28	2	0	280113
C:	7	0	28	3	1	280113
C:	7	0	28	4	300767014	280113
C:	7	0	28	11	5800632	280113
C:	7	0	28	12	4009135	280113
C:	7	0	28	13	14459869	280113
C:	7	0	28	14	1893096	280113
C:	7	0	29	0	-7	280110
C:	7	0	29	1	398	280110
C:	7	0	29	2	1131	280110
C:	7	0	29	3	-2	280110
C:	7	0	29	4	361850994	280110
C:	7	0	29	11	6074040	280110
C:	7	0	29	12	3359614	280110
C:	7	0	29	13	14802291	280110
C:	7	0	29	14	1486598	280110
C:	7	0	28	0	-1	280613
C:	7	0	28	1	448	280613
C:	7	0	28	2	0	280613
C:	7	0	28	3	0	280613
C:	7	0	28	4	300886319	280613
C:	7	0	28	11	5800632	280613
C:	7	0	28	12	4009135	280613
C:	7	0	28	13	14459869	280613
C:	7	0	28	14	1893096	280613
C:	7	0	29	0	-10	280610
C:	7	0	29	1	398	280610
C:	7	0	29	2	1131	280610
C:	7	0	29	3	-3	280610
C:	7	0	29	4	361731689	280610
C:	7	0	29	11	6074040	280610
C:	7	0	29	12	3359614	280610
C:	7	0	29	13	14802291	280610
C:	7	0	29	14	1486598	280610
H:	6	2	28	29	2560	281000
H:	6	2	29	29	2560	281000
C:	7	0	28	0	-4	281113
C:	7	0	28	1	447	281113
C:	7	0	28	2	0	281113
C:	7	0	28	3	-1	281113
C:	7	0	28	4	300886319	281113
C:	7	0	28	11	5800632	281113
C:	7	0	28	12	4009135	281113
C:	7	0	28	13	14459869	281113
C:	7	0	28	14	1893096	281113
C:	7	0	29	0	-7	281110
C:	7	0	29	1	398	281110
C:	7	0	29	2	1131	281110
C:	7	0	29	3	-2	281110
C:	7	0	29	4	361731689	281110
C:	7	0	29	11	6074040	281110
C:	7	0	29	12	3359614	281110
C:	7	0	29	13	14802291	281110
C:	7	0	29	14	1486598	281110
C:	7	0	28	0	4	281613
C:	7	0	28	1	446	281613
C:	7	0	28	2	0	281613
C:	7	0	28	3	1	281613
C:	7	0	28	4	301124928	281613
C:	7	0	28	11	5800632	281613
C:	7	0	28	12	4009135	281613
C:	7	0	28	13	14459869	281613
C:	7	0	28	14	1893096	281613
C:	7	0	29	0	-7	281610
C:	7	0	29	1	397	281610
C:	7	0	29	2	1131	281610
C:	7	0	29	3	-2	281610
C:	7	0	29	4	361731689	281610
C:	7	0	29	11	6074040	281610
C:	7	0	29	12	3359614	281610
C:	7	0	29	13	14802291	281610
C:	7	0	29	14	1486598	281610
H:	6	2	28	29	2560	282000
H:	6	2	29	29	2560	282000
C:	7	0	28	0	2	282113
C:	7	0	28	1	448	282113
C:	7	0	28	2	0	282113
C:	7	0	28	3	0	282113
C:	7	0	28	4	301363538	282113
C:	7	0	28	11	5800632	282113
C:	7	0	28	12	4009135	282113
C:	7	0	28	13	14459869	282113
C:	7	0	28	14	1893096	282113
C:	7	0	29	0	-6	282110
C:	7	0	29	1	397	282110
C:	7	0	29	2	1131	282110
C:	7	0	29	3	-2	282110
C:	7	0	29	4	361850994	282110
C:	7	0	29	11	6074040	282110
C:	7	0	29	12	3359614	282110
C:	7	0	29	13	14802291	282110
C:	7	0	29	14	1486598	282110
C:	7	0	28	0	0	282613
C:	7	0	28	1	447	282613
C:	7	0	28	2	0	282613
C:	7	0	28	3	0	282613
C:	7	0	28	4	301363538	282613
C:	7	0	28	11	5800632	282613
C:	7	0	28	12	4009135	282613
C:	7	0	28	13	14459869	282613
C:	7	0	28	14	1893096	282613
C:	7	0	29	0	-4	282610
C:	7	0	29	1	400	282610
C:	7	0	29	2	1131	282610
C:	7	0	29	3	-1	282610
C:	7	0	29	4	361850994	282610
C:	7	0	29	11	6074040	282610
C:	7	0	29	12	3359614	282610
C:	7	0	29	13	14802291	282610
C:	7	0	29	14	1486598	282610
H:	6	2	28	29	2560	283000
H:	6	2	29	29	2560	283000
C:	7	0	28	0	0	2883113
C:	7	0	28	1	447	283113
C:	7	0	28	2	0	283113
C:	7	0	28	3	0	283113
C:	7	0	28	4	301363538	283113
C:	7	0	28	11	5800632	283113
C:	7	0	28	12	4009135	283113
C:	7	0	28	13	14459869	283113
C:	7	0	28	14	1893096	283113
C:	7	0	29	0	2	283110
C:	7	0	29	1	400	283110
C:	7	0	29	2	1131	283110
C:	7	0	29	3	0	283110
C:	7	0	29	4	361850994	283110
C:	7	0	29	11	6074040	283110
C:	7	0	29	12	3359614	283110
C:	7	0	29	13	14802291	283110
C:	7	0	29	14	1486598	283110
C:	7	0	28	0	-1	283613
C:	7	0	28	1	448	283613
C:	7	0	28	2	0	283613
C:	7	0	28	3	0	283613
C:	7	0	28	4	301482842	283613
C:	7	0	28	11	5800632	283613
C:	7	0	28	12	4009135	283613
C:	7	0	28	13	14459869	283613
C:	7	0	28	14	1893096	283613
C:	7	0	29	0	2	283610
C:	7	0	29	1	399	283610
C:	7	0	29	2	1131	283610
C:	7	0	29	3	0	283610
C:	7	0	29	4	361850994	283610
C:	7	0	29	11	6074040	283610
C:	7	0	29	12	3359614	283610
C:	7	0	29	13	14802291	283610
C:	7	0	29	14	1486598	283610
H:	6	2	28	29	2560	284000
H:	6	2	29	29	2560	284000
C:	7	0	28	0	4	284113
C:	7	0	28	1	446	284113
C:	7	0	28	2	0	284113
C:	7	0	28	3	1	284113
C:	7	0	28	4	301482842	284113
C:	7	0	28	11	5800632	284113
C:	7	0	28	12	4009135	284113
C:	7	0	28	13	14459869	284113
C:	7	0	28	14	1893096	284113
C:	7	0	29	0	-4	284110
C:	7	0	29	1	398	284110
C:	7	0	29	2	1131	284110
C:	7	0	29	3	-1	284110
C:	7	0	29	4	361970298	284110
C:	7	0	29	11	6074040	284110
C:	7	0	29	12	3359614	284110
C:	7	0	29	13	14802291	284110
C:	7	0	29	14	1486598	284110
C:	7	0	28	0	1	284613
C:	7	0	28	1	447	284613
C:	7	0	28	2	0	284613
C:	7	0	28	3	0	284613
C:	7	0	28	4	301482842	284613
C:	7	0	28	11	5800632	284613
C:	7	0	28	12	4009135	284613
C:	7	0	28	13	14459869	284613
C:	7	0	28	14	1893096	284613
C:	7	0	29	0	-5	284610
C:	7	0	29	1	399	284610
C:	7	0	29	2	1131	284610
C:	7	0	29	3	-1	284610
C:	7	0	29	4	361970298	284610
C:	7	0	29	11	6074040	284610
C:	7	0	29	12	3359614	284610
C:	7	0	29	13	14802291	284610
C:	7	0	29	14	1486598	284610
H:	6	2	28	29	2560	285000
H:	6	2	29	29	2560	285000
C:	7	0	28	0	1	285113
C:	7	0	28	1	447	285113
C:	7	0	28	2	0	285113
C:	7	0	28	3	0	285113
C:	7	0	28	4	301482842	285113
C:	7	0	28	11	5800632	285113
C:	7	0	28	12	4009135	285113
C:	7	0	28	13	14459869	285113
C:	7	0	28	14	1893096	285113
C:	7	0	29	0	1	285110
C:	7	0	29	1	398	285110
C:	7	0	29	2	1131	285110
C:	7	0	29	3	0	285110
C:	7	0	29	4	361970298	285110
C:	7	0	29	11	6074040	285110
C:	7	0	29	12	3359614	285110
C:	7	0	29	13	14802291	285110
C:	7	0	29	14	1486598	285110
C:	7	0	28	0	3	285613
C:	7	0	28	1	444	285613
C:	7	0	28	2	0	285613
C:	7	0	28	3	1	285613
C:	7	0	28	4	301482842	285613
C:	7	0	28	11	5800632	285613
C:	7	0	28	12	4009135	285613
C:	7	0	28	13	14459869	285613
C:	7	0	28	14	1893096	285613
C:	7	0	29	0	-1	285610
C:	7	0	29	1	400	285610
C:	7	0	29	2	1131	285610
C:	7	0	29	3	0	285610
C:	7	0	29	4	362208908	285610
C:	7	0	29	11	6074040	285610
C:	7	0	29	12	3359614	285610
C:	7	0	29	13	14802291	285610
C:	7	0	29	14	1486598	285610
H:	6	2	28	29	2560	286000
H:	6	2	29	29	2560	286000
C:	7	0	28	0	4	286113
C:	7	0	28	1	448	286113
C:	7	0	28	2	0	286113
C:	7	0	28	3	1	286113
C:	7	0	28	4	301482842	286113
C:	7	0	28	11	5800632	286113
C:	7	0	28	12	4009135	286113
C:	7	0	28	13	14459869	286113
C:	7	0	28	14	1893096	286113
C:	7	0	29	0	-2	286110
C:	7	0	29	1	398	286110
C:	7	0	29	2	1131	286110
C:	7	0	29	3	0	286110
C:	7	0	29	4	362805431	286110
C:	7	0	29	11	6074040	286110
C:	7	0	29	12	3359614	286110
C:	7	0	29	13	14802291	286110
C:	7	0	29	14	1486598	286110
C:	7	0	28	0	4	286613
C:	7	0	28	1	448	286613
C:	7	0	28	2	0	286613
C:	7	0	28	3	1	286613
C:	7	0	28	4	301482842	286613
C:	7	0	28	11	5800632	286613
C:	7	0	28	12	4009135	286613
C:	7	0	28	13	14459869	286613
C:	7	0	28	14	1893096	286613
C:	7	0	29	0	-4	286610
C:	7	0	29	1	398	286610
C:	7	0	29	2	1131	286610
C:	7	0	29	3	-1	286610
C:	7	0	29	4	362924736	286610
C:	7	0	29	11	6074040	286610
C:	7	0	29	12	3359614	286610
C:	7	0	29	13	14802291	286610
C:	7	0	29	14	1486598	286610
H:	6	2	28	29	2560	287000
H:	6	2	29	29	2560	287000
C:	7	0	28	0	5	287113
C:	7	0	28	1	447	287113
C:	7	0	28	2	0	287113
C:	7	0	28	3	2	287113
C:	7	0	28	4	301482842	287113
C:	7	0	28	11	5800632	287113
C:	7	0	28	12	4009135	287113
C:	7	0	28	13	14459869	287113
C:	7	0	28	14	1893096	287113
C:	7	0	29	0	-2	287110
C:	7	0	29	1	399	287110
C:	7	0	29	2	1131	287110
C:	7	0	29	3	0	287110
C:	7	0	29	4	363044040	287110
C:	7	0	29	11	6074040	287110
C:	7	0	29	12	3359614	287110
C:	7	0	29	13	14802291	287110
C:	7	0	29	14	1486598	287110
C:	7	0	28	0	3	287613
C:	7	0	28	1	446	287613
C:	7	0	28	2	0	287613
C:	7	0	28	3	1	287613
C:	7	0	28	4	301482842	287613
C:	7	0	28	11	5800632	287613
C:	7	0	28	12	4009135	287613
C:	7	0	28	13	14459869	287613
C:	7	0	28	14	1893096	287613
C:	7	0	29	0	-3	287610
C:	7	0	29	1	399	287610
C:	7	0	29	2	1131	287610
C:	7	0	29	3	-1	287610
C:	7	0	29	4	363044040	287610
C:	7	0	29	11	6074040	287610
C:	7	0	29	12	3359614	287610
C:	7	0	29	13	14802291	287610
C:	7	0	29	14	1486598	287610
H:	6	2	28	29	2560	288000
H:	6	2	29	29	2560	288000
C:	7	0	28	0	2	288113
C:	7	0	28	1	446	288113
C:	7	0	28	2	0	288113
C:	7	0	28	3	0	288113
C:	7	0	28	4	301482842	288113
C:	7	0	28	11	5800632	288113
C:	7	0	28	12	4009135	288113
C:	7	0	28	13	14459869	288113
C:	7	0	28	14	1893096	288113
C:	7	0	29	0	-2	288110
C:	7	0	29	1	399	288110
C:	7	0	29	2	1131	288110
C:	7	0	29	3	0	288110
C:	7	0	29	4	363163345	288110
C:	7	0	29	11	6074040	288110
C:	7	0	29	12	3359614	288110
C:	7	0	29	13	14802291	288110
C:	7	0	29	14	1486598	288110
C:	7	0	28	0	4	288613
C:	7	0	28	1	447	288613
C:	7	0	28	2	0	288613
C:	7	0	28	3	1	288613
C:	7	0	28	4	301482842	288613
C:	7	0	28	11	5800632	288613
C:	7	0	28	12	4009135	288613
C:	7	0	28	13	14459869	288613
C:	7	0	28	14	1893096	288613
C:	7	0	29	0	2	288610
C:	7	0	29	1	398	288610
C:	7	0	29	2	1131	288610
C:	7	0	29	3	0	288610
C:	7	0	29	4	363640563	288610
C:	7	0	29	11	6074040	288610
C:	7	0	29	12	3359614	288610
C:	7	0	29	13	14802291	288610
C:	7	0	29	14	1486598	288610
H:	6	2	28	29	2560	289000
H:	6	2	29	29	2560	289000
C:	7	0	28	0	9	289113
C:	7	0	28	1	446	289113
C:	7	0	28	2	0	289113
C:	7	0	28	3	4	289113
C:	7	0	28	4	301482842	289113
C:	7	0	28	11	5800632	289113
C:	7	0	28	12	4009135	289113
C:	7	0	28	13	14459869	289113
C:	7	0	28	14	1893096	289113
C:	7	0	29	0	0	289110
C:	7	0	29	1	399	289110
C:	7	0	29	2	1131	289110
C:	7	0	29	3	0	289110
C:	7	0	29	4	363879173	289110
C:	7	0	29	11	6074040	289110
C:	7	0	29	12	3359614	289110
C:	7	0	29	13	14802291	289110
C:	7	0	29	14	1486598	289110
C:	7	0	28	0	1	289613
C:	7	0	28	1	446	289613
C:	7	0	28	2	0	289613
C:	7	0	28	3	0	289613
C:	7	0	28	4	301482842	289613
C:	7	0	28	11	5800632	289613
C:	7	0	28	12	4009135	289613
C:	7	0	28	13		14459869	289613
C:	7	0	28	14	1893096	289613
C:	7	0	29	0	-2	289610
C:	7	0	29	1	397	289610
C:	7	0	29	2	1131	289610
C:	7	0	29	3	0	289610
C:	7	0	29	4	363998477	289610
C:	7	0	29	11	6074040	289610
C:	7	0	29	12	3359614	289610
C:	7	0	29	13	14802291	289610
C:	7	0	29	14	1486598	289610
H:	6	2	28	29	2560	290000
H:	6	2	29	29	2560	290000
C:	7	0	28	0	7	290113
C:	7	0	28	1	445	290113
C:	7	0	28	2	0	290113
C:	7	0	28	3	3	290113
C:	7	0	28	4	301482842	290113
C:	7	0	28	11	5800632	290113
C:	7	0	28	12	4009135	290113
C:	7	0	28	13	14459869	290113
C:	7	0	28	14	1893096	290113
C:	7	0	29	0	0	290110
C:	7	0	29	1	398	290110
C:	7	0	29	2	1131	290110
C:	7	0	29	3	0	290110
C:	7	0	29	4	364237087	290110
C:	7	0	29	11	6074040	290110
C:	7	0	29	12	3359614	290110
C:	7	0	29	13	14802291	290110
C:	7	0	29	14	1486598	290110
C:	7	0	28	0	5	290613
C:	7	0	28	1	447	290613
C:	7	0	28	2	0	290613
C:	7	0	28	3	2	290613
C:	7	0	28	4	301482842	290613
C:	7	0	28	11	5800632	290613
C:	7	0	28	12	4009135	290613
C:	7	0	28	13	14459869	290613
C:	7	0	28	14	1893096	290613
C:	7	0	29	0	0	290610
C:	7	0	29	1	399	290610
C:	7	0	29	2	1131	290610
C:	7	0	29	3	0	290610
C:	7	0	29	4	364475696	290610
C:	7	0	29	11	6074040	290610
C:	7	0	29	12	3359614	290610
C:	7	0	29	13	14802291	290610
C:	7	0	29	14	1486598	290610
H:	6	2	28	29	2560	291000
H:	6	2	29	29	2560	291000
C:	7	0	28	0	7	291113
C:	7	0	28	1	445	291113
C:	7	0	28	2	0	291113
C:	7	0	28	3	3	291113
C:	7	0	28	4	301482842	291113
C:	7	0	28	11	5800632	291113
C:	7	0	28	12	4009135	291113
C:	7	0	28	13	14459869	291113
C:	7	0	28	14	1893096	291113
C:	7	0	29	0	1	291110
C:	7	0	29	1	397	291110
C:	7	0	29	2	1131	291110
C:	7	0	29	3	0	291110
C:	7	0	29	4	364714305	291110
C:	7	0	29	11	6074040	291110
C:	7	0	29	12	3359614	291110
C:	7	0	29	13	14802291	291110
C:	7	0	29	14	1486598	291110
C:	7	0	28	0	4	291613
C:	7	0	28	1	447	291613
C:	7	0	28	2	0	291613
C:	7	0	28	3	1	291613
C:	7	0	28	4	301482842	291613
C:	7	0	28	11	5800632	291613
C:	7	0	28	12	4009135	291613
C:	7	0	28	13	14459869	291613
C:	7	0	28	14	1893096	291613
C:	7	0	29	0	-3	291610
C:	7	0	29	1	398	291610
C:	7	0	29	2	1131	291610
C:	7	0	29	3	-1	291610
C:	7	0	29	4	364952915	291610
C:	7	0	29	11	6074040	291610
C:	7	0	29	12	3359614	291610
C:	7	0	29	13	14802291	291610
C:	7	0	29	14	1486598	291610
H:	6	2	28	29	2560	292000
H:	6	2	29	29	2560	292000
C:	7	0	28	0	5	292113
C:	7	0	28	1	448	292113
C:	7	0	28	2	0	292113
C:	7	0	28	3	2	292113
C:	7	0	28	4	301482842	292113
C:	7	0	28	11	5800632	292113
C:	7	0	28	12	4009135	292113
C:	7	0	28	13	14459869	292113
C:	7	0	28	14	1893096	292113
C:	7	0	29	0	-1	292110
C:	7	0	29	1	397	292110
C:	7	0	29	2	1131	292110
C:	7	0	29	3	0	292110
C:	7	0	29	4	365191524	292110
C:	7	0	29	11	6074040	292110
C:	7	0	29	12	3359614	292110
C:	7	0	29	13	14802291	292110
C:	7	0	29	14	1486598	292110
C:	7	0	28	0	5	292613
C:	7	0	28	1	447	292613
C:	7	0	28	2	0	292613
C:	7	0	28	3	2	292613
C:	7	0	28	4	301602147	292613
C:	7	0	28	11	5800632	292613
C:	7	0	28	12	4009135	292613
C:	7	0	28	13	14459869	292613
C:	7	0	28	14	1893096	292613
C:	7	0	29	0	-2	292610
C:	7	0	29	1	397	292610
C:	7	0	29	2	1131	292610
C:	7	0	29	3	0	292610
C:	7	0	29	4	365430133	292610
C:	7	0	29	11	6074040	292610
C:	7	0	29	12	3359614	292610
C:	7	0	29	13	14802291	292610
C:	7	0	29	14	1486598	292610
H:	6	2	28	29	2560	293000
H:	6	2	29	29	2560	293000
C:	7	0	28	0	6	293113
C:	7	0	28	1	446	293113
C:	7	0	28	2	0	293113
C:	7	0	28	3	2	293113
C:	7	0	28	4	301602147	293113
C:	7	0	28	11	5800632	293113
C:	7	0	28	12	4009135	293113
C:	7	0	28	13	14459869	293113
C:	7	0	28	14	1893096	293113
C:	7	0	29	0	-6	293110
C:	7	0	29	1	397	293110
C:	7	0	29	2	1131	293110
C:	7	0	29	3	-2	293110
C:	7	0	29	4	365668742	293110
C:	7	0	29	11	6074040	293110
C:	7	0	29	12	3359614	293110
C:	7	0	29	13	14802291	293110
C:	7	0	29	14	1486598	293110
C:	7	0	28	0	8	293613
C:	7	0	28	1	447	293613
C:	7	0	28	2	0	293613
C:	7	0	28	3	3	293613
C:	7	0	28	4	301602147	293613
C:	7	0	28	11	5800632	293613
C:	7	0	28	12	4009135	293613
C:	7	0	28	13	14459869	293613
C:	7	0	28	14	1893096	293613
C:	7	0	29	0	0	293610
C:	7	0	29	1	399	293610
C:	7	0	29	2	1131	293610
C:	7	0	29	3	0	293610
C:	7	0	29	4	366026656	293610
C:	7	0	29	11	6074040	293610
C:	7	0	29	12	3359614	293610
C:	7	0	29	13	14802291	293610
C:	7	0	29	14	1486598	293610
H:	6	2	28	29	2560	294000
H:	6	2	29	29	2560	294000
C:	7	0	28	0	8	294113
C:	7	0	28	1	446	294113
C:	7	0	28	2	0	294113
C:	7	0	28	3	3	294113
C:	7	0	28	4	301602147	294113
C:	7	0	28	11	5800632	294113
C:	7	0	28	12	4009135	294113
C:	7	0	28	13	14459869	294113
C:	7	0	28	14	1893096	294113
C:	7	0	29	0	0	294110
C:	7	0	29	1	397	294110
C:	7	0	29	2	1131	294110
C:	7	0	29	3	0	294110
C:	7	0	29	4	366145961	294110
C:	7	0	29	11	6074040	294110
C:	7	0	29	12	3359614	294110
C:	7	0	29	13	14802291	294110
C:	7	0	29	14	1486598	294110
C:	7	0	28	0	4	294613
C:	7	0	28	1	447	294613
C:	7	0	28	2	0	294613
C:	7	0	28	3	1	2944613
C:	7	0	28	4	301602147	294613
C:	7	0	28	11	5800632	294613
C:	7	0	28	12	4009135	294613
C:	7	0	28	13	14459869	294613
C:	7	0	28	14	1893096	294613
C:	7	0	29	0	-1	294610
C:	7	0	29	1	397	294610
C:	7	0	29	2	1131	294610
C:	7	0	29	3	0	294610
C:	7	0	29	4	366265266	294610
C:	7	0	29	11	6074040	294610
C:	7	0	29	12	3359614	294610
C:	7	0	29	13	14802291	294610
C:	7	0	29	14	1486598	294610
H:	6	2	28	29	2560	295000
H:	6	2	29	29	2560	295000
C:	7	0	28	0	3	295113
C:	7	0	28	1	445	295113
C:	7	0	28	2	0	295113
C:	7	0	28	3	1	295113
C:	7	0	28	4	301602147	295113
C:	7	0	28	11	5800632	295113
C:	7	0	28	12	4009135	295113
C:	7	0	28	13	14459869	295113
C:	7	0	28	14	1893096	295113
C:	7	0	29	0	-5	295110
C:	7	0	29	1	398	295110
C:	7	0	29	2	1131	295110
C:	7	0	29	3	-1	295110
C:	7	0	29	4	366384570	295110
C:	7	0	29	11	6074040	295110
C:	7	0	29	12	3359614	295110
C:	7	0	29	13	14802291	295110
C:	7	0	29	14	1486598	295110
C:	7	0	28	0	8	295613
C:	7	0	28	1	447	295613
C:	7	0	28	2	0	295613
C:	7	0	28	3	3	295613
C:	7	0	28	4	301602147	295613
C:	7	0	28	11	5800632	295613
C:	7	0	28	12	4009135	295613
C:	7	0	28	13	14459869	295613
C:	7	0	28	14	1893096	295613
C:	7	0	29	0	-1	295610
C:	7	0	29	1	399	295610
C:	7	0	29	2	1131	295610
C:	7	0	29	3	0	295610
C:	7	0	29	4	366623180	295610
C:	7	0	29	11	6074040	295610
C:	7	0	29	12	3359614	295610
C:	7	0	29	13	14802291	295610
C:	7	0	29	14	1486598	295610
H:	6	2	28	29	2560	296000
H:	6	2	29	29	2560	296000
C:	7	0	28	0	7	296113
C:	7	0	28	1	447	296113
C:	7	0	28	2	0	296113
C:	7	0	28	3	3	296113
C:	7	0	28	4	301602147	296113
C:	7	0	28	11	5800632	296113
C:	7	0	28	12	4009135	296113
C:	7	0	28	13	14459869	296113
C:	7	0	28	14	1893096	296113
C:	7	0	29	0	1	296110
C:	7	0	29	1	398	296110
C:	7	0	29	2	1131	296110
C:	7	0	29	3	0	296110
C:	7	0	29	4	366742484	296110
C:	7	0	29	11	6074040	296110
C:	7	0	29	12	3359614	296110
C:	7	0	29	13	14802291	296110
C:	7	0	29	14	1486598	296110
C:	7	0	28	0	4	296613
C:	7	0	28	1	446	296613
C:	7	0	28	2	0	296613
C:	7	0	28	3	1	296613
C:	7	0	28	4	301602147	296613
C:	7	0	28	11	5800632	296613
C:	7	0	28	12	4009135	296613
C:	7	0	28	13	14459869	296613
C:	7	0	28	14	1893096	296613
C:	7	0	29	0	0	296610
C:	7	0	29	1	397	296610
C:	7	0	29	2	1131	296610
C:	7	0	29	3	0	296610
C:	7	0	29	4	366861789	296610
C:	7	0	29	11	6074040	296610
C:	7	0	29	12	3359614	296610
C:	7	0	29	13	14802291	296610
C:	7	0	29	14	1486598	296610
H:	6	2	28	29	2560	297000
H:	6	2	29	29	2560	297000
C:	7	0	28	0	4	297113
C:	7	0	28	1	446	297113
C:	7	0	28	2	0	297113
C:	7	0	28	3	1	297113
C:	7	0	28	4	301602147	297113
C:	7	0	28	11	5800632	297113
C:	7	0	28	12	4009135	297113
C:	7	0	28	13	14459869	297113
C:	7	0	28	14	1893096	297113
C:	7	0	29	0	-1	297110
C:	7	0	29	1	398	297110
C:	7	0	29	2	1131	297110
C:	7	0	29	3	0	297110
C:	7	0	29	4	367100398	297110
C:	7	0	29	11	6074040	297110
C:	7	0	29	12	3359614	297110
C:	7	0	29	13	14802291	297110
C:	7	0	29	14	1486598	297110
C:	7	0	28	0	5	297613
C:	7	0	28	1	445	297613
C:	7	0	28	2	0	297613
C:	7	0	28	3	2	297613
C:	7	0	28	4	301602147	297613
C:	7	0	28	11	5800632	297613
C:	7	0	28	12	4009135	297613
C:	7	0	28	13	14459869	297613
C:	7	0	28	14	1893096	297613
C:	7	0	29	0	0	297610
C:	7	0	29	1	397	297610
C:	7	0	29	2	1131	297610
C:	7	0	29	3	0	297610
C:	7	0	29	4	367458312	297610
C:	7	0	29	11	6074040	297610
C:	7	0	29	12	3359614	297610
C:	7	0	29	13	14802291	297610
C:	7	0	29	14	1486598	297610
H:	6	2	28	29	2560	298000
H:	6	2	29	29	2560	298000
C:	7	0	28	0	7	298113
C:	7	0	28	1	445	298113
C:	7	0	28	2	0	298113
C:	7	0	28	3	3	298113
C:	7	0	28	4	301602147	298113
C:	7	0	28	11	5800632	298113
C:	7	0	28	12	4009135	298113
C:	7	0	28	13	14459869	298113
C:	7	0	28	14	1893096	298113
C:	7	0	29	0	1	298110
C:	7	0	29	1	397	298110
C:	7	0	29	2	1131	298110
C:	7	0	29	3	0	298110
C:	7	0	29	4	367935531	298110
C:	7	0	29	11	6074040	298110
C:	7	0	29	12	3359614	298110
C:	7	0	29	13	14802291	298110
C:	7	0	29	14	1486598	298110
C:	7	0	28	0	1	298613
C:	7	0	28	1	445	298613
C:	7	0	28	2	0	298613
C:	7	0	28	3	0	298613
C:	7	0	28	4	301602147	298613
C:	7	0	28	11	5800632	298613
C:	7	0	28	12	4009135	298613
C:	7	0	28	13	14459869	298613
C:	7	0	28	14	1893096	298613
C:	7	0	29	0	-1	298610
C:	7	0	29	1	397	298610
C:	7	0	29	2	1131	298610
C:	7	0	29	3	0	298610
C:	7	0	29	4	368412749	298610
C:	7	0	29	11	6074040	298610
C:	7	0	29	12	3359614	298610
C:	7	0	29	13	14802291	298610
C:	7	0	29	14	1486598	298610
H:	6	2	28	29	2560	299000
H:	6	2	29	29	2560	299000
C:	7	0	28	0	7	299113
C:	7	0	28	1	444	299113
C:	7	0	28	2	0	299113
C:	7	0	28	3	3	299113
C:	7	0	28	4	301602147	299113
C:	7	0	28	11	5800632	299113
C:	7	0	28	12	4009135	299113
C:	7	0	28	13	14459869	299113
C:	7	0	28	14	1893096	299113
C:	7	0	29	0	-4	299110
C:	7	0	29	1	395	299110
C:	7	0	29	2	1131	299110
C:	7	0	29	3	-1	299110
C:	7	0	29	4	368651359	299110
C:	7	0	29	11	6074040	299110
C:	7	0	29	12	3359614	299110
C:	7	0	29	13	14802291	299110
C:	7	0	29	14	1486598	299110
C:	7	0	28	0	4	299613
C:	7	0	28	1	446	299613
C:	7	0	28	2	0	299613
C:	7	0	28	3	1	299613
C:	7	0	28	4	301602147	299613
C:	7	0	28	11	5800632	299613
C:	7	0	28	12	4009135	299613
C:	7	0	28	13	14459869	299613
C:	7	0	28	14	1893096	299613
C:	7	0	29	0	-7	299610
C:	7	0	29	1	397	299610
C:	7	0	29	2	1131	299610
C:	7	0	29	3	-2	299610
C:	7	0	29	4	368651359	299610
C:	7	0	29	11	6074040	299610
C:	7	0	29	12	3359614	299610
C:	7	0	29	13	14802291	299610
C:	7	0	29	14	1486598	299610
H:	6	2	28	29	2560	300000
H:	6	2	29	29	2560	300000
C:	7	0	28	0	6	300113
C:	7	0	28	1	445	300113
C:	7	0	28	2	0	300113
C:	7	0	28	3	2	300113
C:	7	0	28	4	301602147	300113
C:	7	0	28	11	5800632	300113
C:	7	0	28	12	4009135	300113
C:	7	0	28	13	14459869	300113
C:	7	0	28	14	1893096	300113
C:	7	0	29	0	-6	300110
C:	7	0	29	1	398	300110
C:	7	0	29	2	1131	300110
C:	7	0	29	3	-2	300110
C:	7	0	29	4	368651359	300110
C:	7	0	29	11	6074040	300110
C:	7	0	29	12	3359614	300110
C:	7	0	29	13	14802291	300110
C:	7	0	29	14	1486598	300110
C:	7	0	28	0	2	300613
C:	7	0	28	1	445	300613
C:	7	0	28	2	0	300613
C:	7	0	28	3	0	300613
C:	7	0	28	4	301602147	300613
C:	7	0	28	11	5800632	300613
C:	7	0	28	12	4009135	300613
C:	7	0	28	13	14459869	300613
C:	7	0	28	14	1893096	300613
C:	7	0	29	0	2	300610
C:	7	0	29	1	399	300610
C:	7	0	29	2	1131	300610
C:	7	0	29	3	0	300610
C:	7	0	29	4	368889968	300610
C:	7	0	29	11	6074040	300610
C:	7	0	29	12	3359614	300610
C:	7	0	29	13	14802291	300610
C:	7	0	29	14	1486598	300610
H:	6	2	28	29	2560	301000
H:	6	2	29	29	2560	301000
C:	7	0	28	0	3	301113
C:	7	0	28	1	445	301113
C:	7	0	28	2	0	301113
C:	7	0	28	3	1	301113
C:	7	0	28	4	301602147	301113
C:	7	0	28	11	5800632	301113
C:	7	0	28	12	4009135	301113
C:	7	0	28	13	14459869	301113
C:	7	0	28	14	1893096	301113
C:	7	0	29	0	-2	301110
C:	7	0	29	1	398	301110
C:	7	0	29	2	1131	301110
C:	7	0	29	3	0	301110
C:	7	0	29	4	369367186	301110
C:	7	0	29	11	6074040	301110
C:	7	0	29	12	3359614	301110
C:	7	0	29	13	14802291	301110
C:	7	0	29	14	1486598	301110
C:	7	0	28	0	1	301613
C:	7	0	28	1	445	301613
C:	7	0	28	2	0	301613
C:	7	0	28	3	0	301613
C:	7	0	28	4	301602147	301613
C:	7	0	28	11	5800632	301613
C:	7	0	28	12	4009135	301613
C:	7	0	28	13	14459869	301613
C:	7	0	28	14	1893096	301613
C:	7	0	29	0	-4	301610
C:	7	0	29	1	397	301610
C:	7	0	29	2	1131	301610
C:	7	0	29	3	-1	301610
C:	7	0	29	4	369605796	301610
C:	7	0	29	11	6074040	301610
C:	7	0	29	12	3359614	301610
C:	7	0	29	13	14802291	301610
C:	7	0	29	14	1486598	301610
H:	6	2	28	29	2560	302000
H:	6	2	29	29	2560	302000
C:	7	0	28	0	0	302113
C:	7	0	28	1	447	302113
C:	7	0	28	2	0	302113
C:	7	0	28	3	0	302113
C:	7	0	28	4	301602147	302113
C:	7	0	28	11	5800632	302113
C:	7	0	28	12	4009135	302113
C:	7	0	28	13	14459869	302113
C:	7	0	28	14	1893096	302113
C:	7	0	29	0	-6	302110
C:	7	0	29	1	397	302110
C:	7	0	29	2	1131	302110
C:	7	0	29	3	-2	302110
C:	7	0	29	4	369963710	302110
C:	7	0	29	11	6074040	302110
C:	7	0	29	12	3359614	302110
C:	7	0	29	13	14802291	302110
C:	7	0	29	14	1486598	302110
C:	7	0	28	0	6	302613
C:	7	0	28	1	447	302613
C:	7	0	28	2	0	302613
C:	7	0	28	3	2	302613
C:	7	0	28	4	301602147	302613
C:	7	0	28	11	5800632	302613
C:	7	0	28	12	4009135	302613
C:	7	0	28	13	14459869	302613
C:	7	0	28	14	1893096	302613
C:	7	0	29	0	-4	302610
C:	7	0	29	1	398	302610
C:	7	0	29	2	1131	302610
C:	7	0	29	3	-1	302610
C:	7	0	29	4	370202319	302610
C:	7	0	29	11	6074040	302610
C:	7	0	29	12	3359614	302610
C:	7	0	29	13	14802291	302610
C:	7	0	29	14	1486598	302610
H:	6	2	28	29	2560	303000
H:	6	2	29	29	2560	303000
C:	7	0	28	0	5	303113
C:	7	0	28	1	446	303113
C:	7	0	28	2	0	303113
C:	7	0	28	3	2	303113
C:	7	0	28	4	301602147	303113
C:	7	0	28	11	5800632	303113
C:	7	0	28	12	4009135	303113
C:	7	0	28	13	14459869	303113
C:	7	0	28	14	1893096	303113
C:	7	0	29	0	-3	303110
C:	7	0	29	1	397	303110
C:	7	0	29	2	1131	303110
C:	7	0	29	3	-1	303110
C:	7	0	29	4	370560233	303110
C:	7	0	29	11	6074040	303110
C:	7	0	29	12	3359614	303110
C:	7	0	29	13	14802291	303110
C:	7	0	29	14	1486598	303110
C:	7	0	28	0	7	303613
C:	7	0	28	1	446	303613
C:	7	0	28	2	0	303613
C:	7	0	28	3	3	303613
C:	7	0	28	4	301602147	303613
C:	7	0	28	11	5800632	303613
C:	7	0	28	12	4009135	303613
C:	7	0	28	13	14459869	303613
C:	7	0	28	14	1893096	303613
C:	7	0	29	0	-9	303610
C:	7	0	29	1	398	303610
C:	7	0	29	2	1131	303610
C:	7	0	29	3	-3	303610
C:	7	0	29	4	370560233	303610
C:	7	0	29	11	6074040	303610
C:	7	0	29	12	3359614	303610
C:	7	0	29	13	14802291	303610
C:	7	0	29	14	1486598	303610
H:	6	2	28	29	2560	304000
H:	6	2	29	29	2560	304000
C:	7	0	28	0	0	304113
C:	7	0	28	1	445	304113
C:	7	0	28	2	0	304113
C:	7	0	28	3	0	304113
C:	7	0	28	4	301721452	304113
C:	7	0	28	11	5800632	304113
C:	7	0	28	12	4009135	304113
C:	7	0	28	13	14459869	304113
C:	7	0	28	14	1893096	304113
C:	7	0	29	0	-5	304110
C:	7	0	29	1	398	304110
C:	7	0	29	2	1131	304110
C:	7	0	29	3	-1	304110
C:	7	0	29	4	370798842	304110
C:	7	0	29	11	6074040	304110
C:	7	0	29	12	3359614	304110
C:	7	0	29	13	14802291	304110
C:	7	0	29	14	1486598	304110
C:	7	0	28	0	2	304613
C:	7	0	28	1	446	304613
C:	7	0	28	2	0	304613
C:	7	0	28	3	0	304613
C:	7	0	28	4	301721452	304613
C:	7	0	28	11	5800632	304613
C:	7	0	28	12	4009135	304613
C:	7	0	28	13	14459869	304613
C:	7	0	28	14	1893096	304613
C:	7	0	29	0	-6	304610
C:	7	0	29	1	399	304610
C:	7	0	29	2	1131	304610
C:	7	0	29	3	-2	304610
C:	7	0	29	4	370798842	304610
C:	7	0	29	11	6074040	304610
C:	7	0	29	12	3359614	304610
C:	7	0	29	13	14802291	304610
C:	7	0	29	14	1486598	304610
H:	6	2	28	29	2560	305000
H:	6	2	29	29	2560	305000
C:	7	0	28	0	0	305113
C:	7	0	28	1	446	305113
C:	7	0	28	2	0	305113
C:	7	0	28	3	0	305113
C:	7	0	28	4	301721452	305113
C:	7	0	28	11	5800632	305113
C:	7	0	28	12	4009135	305113
C:	7	0	28	13	14459869	305113
C:	7	0	28	14	1893096	305113
C:	7	0	29	0	-2	305110
C:	7	0	29	1	397	305110
C:	7	0	29	2	1131	305110
C:	7	0	29	3	0	305110
C:	7	0	29	4	371037451	305110
C:	7	0	29	11	6074040	305110
C:	7	0	29	12	3359614	305110
C:	7	0	29	13	14802291	305110
C:	7	0	29	14	1486598	305110
C:	7	0	28	0	1	305613
C:	7	0	28	1	445	305613
C:	7	0	28	2	0	305613
C:	7	0	28	3	0	305613
C:	7	0	28	4	301840756	305613
C:	7	0	28	11	5800632	305613
C:	7	0	28	12	4009135	305613
C:	7	0	28	13	14459869	305613
C:	7	0	28	14	1893096	305613
C:	7	0	29	0	0	305610
C:	7	0	29	1	397	305610
C:	7	0	29	2	1131	305610
C:	7	0	29	3	0	305610
C:	7	0	29	4	371156756	305610
C:	7	0	29	11	6074040	305610
C:	7	0	29	12	3359614	305610
C:	7	0	29	13	14802291	305610
C:	7	0	29	14	1486598	305610
H:	6	2	28	29	2560	306000
H:	6	2	29	29	2560	306000
C:	7	0	28	0	2	306113
C:	7	0	28	1	446	306113
C:	7	0	28	2	0	306113
C:	7	0	28	3	0	306113
C:	7	0	28	4	301960061	306113
C:	7	0	28	11	5800632	306113
C:	7	0	28	12	4009135	306113
C:	7	0	28	13	14459869	306113
C:	7	0	28	14	1893096	306113
C:	7	0	29	0	-1	306110
C:	7	0	29	1	399	306110
C:	7	0	29	2	1131	306110
C:	7	0	29	3	0	306110
C:	7	0	29	4	371276061	306110
C:	7	0	29	11	6074040	306110
C:	7	0	29	12	3359614	306110
C:	7	0	29	13	14802291	306110
C:	7	0	29	14	1486598	306110
C:	7	0	28	0	5	306613
C:	7	0	28	1	446	306613
C:	7	0	28	2	0	306613
C:	7	0	28	3	2	306613
C:	7	0	28	4	301960061	306613
C:	7	0	28	11	5800632	306613
C:	7	0	28	12		4009135	306613
C:	7	0	28	13	14459869	306613
C:	7	0	28	14	1893096	306613
C:	7	0	29	0	-4	306610
C:	7	0	29	1	398	306610
C:	7	0	29	2	1131	306610
C:	7	0	29	3	-1	306610
C:	7	0	29	4	371753279	306610
C:	7	0	29	11	6074040	306610
C:	7	0	29	12	3359614	306610
C:	7	0	29	13	14802291	306610
C:	7	0	29	14	1486598	306610
H:	6	2	28	29	2560	307000
H:	6	2	29	29	2560	307000
C:	7	0	28	0	3	307113
C:	7	0	28	1	446	307113
C:	7	0	28	2	0	307113
C:	7	0	28	3	1	307113
C:	7	0	28	4	301960061	307113
C:	7	0	28	11	5800632	307113
C:	7	0	28	12	4009135	307113
C:	7	0	28	13	14459869	307113
C:	7	0	28	14	1893096	307113
C:	7	0	29	0	0	307110
C:	7	0	29	1	399	307110
C:	7	0	29	2	1131	307110
C:	7	0	29	3	0	307110
C:	7	0	29	4	371872584	307110
C:	7	0	29	11	6074040	307110
C:	7	0	29	12	3359614	307110
C:	7	0	29	13	14802291	307110
C:	7	0	29	14	1486598	307110
C:	7	0	28	0	2	307613
C:	7	0	28	1	446	307613
C:	7	0	28	2	0	307613
C:	7	0	28	3	0	307613
C:	7	0	28	4	301960061	307613
C:	7	0	28	11	5800632	307613
C:	7	0	28	12	4009135	307613
C:	7	0	28	13	14459869	307613
C:	7	0	28	14	1893096	307613
C:	7	0	29	0	-3	307610
C:	7	0	29	1	397	307610
C:	7	0	29	2	1131	307610
C:	7	0	29	3	-1	307610
C:	7	0	29	4	372111193	307610
C:	7	0	29	11	6074040	307610
C:	7	0	29	12	3359614	307610
C:	7	0	29	13	14802291	307610
C:	7	0	29	14	1486598	307610
H:	6	2	28	29	2560	308000
H:	6	2	29	29	2560	308000
C:	7	0	28	0	4	308113
C:	7	0	28	1	445	308113
C:	7	0	28	2	0	308113
C:	7	0	28	3	1	308113
C:	7	0	28	4	301960061	308113
C:	7	0	28	11	5800632	308113
C:	7	0	28	12	4009135	308113
C:	7	0	28	13	14459869	308113
C:	7	0	28	14	1893096	308113
C:	7	0	29	0	-1	308110
C:	7	0	29	1	398	308110
C:	7	0	29	2	1131	308110
C:	7	0	29	3	0	308110
C:	7	0	29	4	372469107	308110
C:	7	0	29	11	6074040	308110
C:	7	0	29	12	3359614	308110
C:	7	0	29	13	14802291	308110
C:	7	0	29	14	1486598	308110
C:	7	0	28	0	6	308613
C:	7	0	28	1	445	308613
C:	7	0	28	2	0	308613
C:	7	0	28	3	2	308613
C:	7	0	28	4	301960061	308613
C:	7	0	28	11	5800632	308613
C:	7	0	28	12	4009135	308613
C:	7	0	28	13	14459869	308613
C:	7	0	28	14	1893096	308613
C:	7	0	29	0	-4	308610
C:	7	0	29	1	397	308610
C:	7	0	29	2	1131	308610
C:	7	0	29	3	-1	308610
C:	7	0	29	4	372707717	308610
C:	7	0	29	11	6074040	308610
C:	7	0	29	12	3359614	308610
C:	7	0	29	13	14802291	308610
C:	7	0	29	14	1486598	308610
H:	6	2	28	29	2560	309000
H:	6	2	29	29	2560	309000
C:	7	0	28	0	3	309113
C:	7	0	28	1	446	309113
C:	7	0	28	2	0	309113
C:	7	0	28	3	1	309113
C:	7	0	28	4	301960061	309113
C:	7	0	28	11	5800632	309113
C:	7	0	28	12	4009135	309113
C:	7	0	28	13	14459869	309113
C:	7	0	28	14	1893096	309113
C:	7	0	29	0	-2	309110
C:	7	0	29	1	396	309110
C:	7	0	29	2	1131	309110
C:	7	0	29	3	0	309110
C:	7	0	29	4	372946326	309110
C:	7	0	29	11	6074040	309110
C:	7	0	29	12	3359614	309110
C:	7	0	29	13	14802291	309110
C:	7	0	29	14	1486598	309110
C:	7	0	28	0	9	309613
C:	7	0	28	1	445	309613
C:	7	0	28	2	0	309613
C:	7	0	28	3	4	309613
C:	7	0	28	4	301960061	309613
C:	7	0	28	11	5800632	309613
C:	7	0	28	12	4009135	309613
C:	7	0	28	13	14459869	309613
C:	7	0	28	14	1893096	309613
C:	7	0	29	0	-5	309610
C:	7	0	29	1	398	309610
C:	7	0	29	2	1131	309610
C:	7	0	29	3	-1	309610
C:	7	0	29	4	373065630	309610
C:	7	0	29	11	6074040	309610
C:	7	0	29	12	3359614	309610
C:	7	0	29	13	14802291	309610
C:	7	0	29	14	1486598	309610
H:	6	2	28	29	2560	310000
H:	6	2	29	29	2560	310000
C:	7	0	28	0	5	310113
C:	7	0	28	1	446	310113
C:	7	0	28	2	0	310113
C:	7	0	28	3	2	310113
C:	7	0	28	4	301960061	310113
C:	7	0	28	11	5800632	310113
C:	7	0	28	12	4009135	310113
C:	7	0	28	13	14459869	310113
C:	7	0	28	14	1893096	310113
C:	7	0	29	0	-6	310110
C:	7	0	29	1	398	310110
C:	7	0	29	2	1131	310110
C:	7	0	29	3	-2	310110
C:	7	0	29	4	373184935	310110
C:	7	0	29	11	6074040	310110
C:	7	0	29	12	3359614	310110
C:	7	0	29	13	14802291	310110
C:	7	0	29	14	1486598	310110
C:	7	0	28	0	3	310613
C:	7	0	28	1	446	310613
C:	7	0	28	2	0	310613
C:	7	0	28	3	1	310613
C:	7	0	28	4	301960061	310613
C:	7	0	28	11	5800632	310613
C:	7	0	28	12	4009135	310613
C:	7	0	28	13	14459869	310613
C:	7	0	28	14	1893096	310613
C:	7	0	29	0	-6	310610
C:	7	0	29	1	398	310610
C:	7	0	29	2	1131	310610
C:	7	0	29	3	-2	310610
C:	7	0	29	4	373184935	310610
C:	7	0	29	11	6074040	310610
C:	7	0	29	12	3359614	310610
C:	7	0	29	13	14802291	310610
C:	7	0	29	14	1486598	310610
H:	6	2	28	29	2560	311000
H:	6	2	29	29	2560	311000
C:	7	0	28	0	4	311113
C:	7	0	28	1	447	311113
C:	7	0	28	2	0	311113
C:	7	0	28	3	1	311113
C:	7	0	28	4	301960061	311113
C:	7	0	28	11	5800632	311113
C:	7	0	28	12	4009135	311113
C:	7	0	28	13	14459869	311113
C:	7	0	28	14	1893096	311113
C:	7	0	29	0	-4	311110
C:	7	0	29	1	398	311110
C:	7	0	29	2	1131	311110
C:	7	0	29	3	-1	311110
C:	7	0	29	4	373184935	311110
C:	7	0	29	11	6074040	311110
C:	7	0	29	12	3359614	311110
C:	7	0	29	13	14802291	311110
C:	7	0	29	14	1486598	311110
C:	7	0	28	0	6	311613
C:	7	0	28	1	446	311613
C:	7	0	28	2	0	311613
C:	7	0	28	3	2	311613
C:	7	0	28	4	301960061	311613
C:	7	0	28	11	5800632	311613
C:	7	0	28	12	4009135	311613
C:	7	0	28	13	14459869	311613
C:	7	0	28	14	1893096	311613
C:	7	0	29	0	-3	311610
C:	7	0	29	1	399	311610
C:	7	0	29	2	1131	311610
C:	7	0	29	3	-1	311610
C:	7	0	29	4	373423544	311610
C:	7	0	29	11	6074040	311610
C:	7	0	29	12	3359614	311610
C:	7	0	29	13	14802291	311610
C:	7	0	29	14	1486598	311610
H:	6	2	28	29	2560	312000
H:	6	2	29	29	2560	312000
C:	7	0	28	0	8	312113
C:	7	0	28	1	445	312113
C:	7	0	28	2	0	312113
C:	7	0	28	3	3	312113
C:	7	0	28	4	301960061	312113
C:	7	0	28	11	5800632	312113
C:	7	0	28	12	4009135	312113
C:	7	0	28	13	14459869	312113
C:	7	0	28	14	1893096	312113
C:	7	0	29	0	-6	312110
C:	7	0	29	1	400	312110
C:	7	0	29	2	1131	312110
C:	7	0	29	3	-2	312110
C:	7	0	29	4	373542849	312110
C:	7	0	29	11	6074040	312110
C:	7	0	29	12	3359614	312110
C:	7	0	29	13	14802291	312110
C:	7	0	29	14	1486598	312110

FATAL: term closed
picocom v1.4

port is        : /dev/ttyUSB0
flowcontrol    : none
baudrate is    : 115200
parity is      : none
databits are   : 8
escape is      : C-a
noinit is      : no
noreset is     : no
nolock is      : no
send_cmd is    : ascii_xfr -s -v -l10
receive_cmd is : rz -vv

